{"/Users/janimi847/oss-workspace/containers-directory/apps/web/src/app/apple-icon.tsx": {"path":"/Users/janimi847/oss-workspace/containers-directory/apps/web/src/app/apple-icon.tsx","statementMap":{"0":{"start":{"line":9,"column":13},"end":{"line":9,"column":24}},"1":{"start":{"line":12,"column":24},"end":{"line":12,"column":null}},"2":{"start":{"line":4,"column":13},"end":{"line":4,"column":17}},"3":{"start":{"line":1,"column":30},"end":{"line":1,"column":null}},"4":{"start":{"line":4,"column":20},"end":{"line":7,"column":null}},"5":{"start":{"line":9,"column":27},"end":{"line":9,"column":null}},"6":{"start":{"line":13,"column":2},"end":{"line":46,"column":null}}},"fnMap":{"0":{"name":"AppleIcon","decl":{"start":{"line":12,"column":24},"end":{"line":12,"column":null}},"loc":{"start":{"line":12,"column":24},"end":{"line":48,"column":1}}}},"branchMap":{},"s":{"0":0,"1":0,"2":0,"3":0,"4":0,"5":0,"6":0},"f":{"0":0},"b":{}}
,"/Users/janimi847/oss-workspace/containers-directory/apps/web/src/app/icon.tsx": {"path":"/Users/janimi847/oss-workspace/containers-directory/apps/web/src/app/icon.tsx","statementMap":{"0":{"start":{"line":9,"column":13},"end":{"line":9,"column":24}},"1":{"start":{"line":12,"column":24},"end":{"line":12,"column":null}},"2":{"start":{"line":4,"column":13},"end":{"line":4,"column":17}},"3":{"start":{"line":1,"column":30},"end":{"line":1,"column":null}},"4":{"start":{"line":4,"column":20},"end":{"line":7,"column":null}},"5":{"start":{"line":9,"column":27},"end":{"line":9,"column":null}},"6":{"start":{"line":13,"column":2},"end":{"line":48,"column":null}}},"fnMap":{"0":{"name":"Icon","decl":{"start":{"line":12,"column":24},"end":{"line":12,"column":null}},"loc":{"start":{"line":12,"column":24},"end":{"line":50,"column":1}}}},"branchMap":{},"s":{"0":0,"1":0,"2":0,"3":0,"4":0,"5":0,"6":0},"f":{"0":0},"b":{}}
,"/Users/janimi847/oss-workspace/containers-directory/apps/web/src/app/layout.tsx": {"path":"/Users/janimi847/oss-workspace/containers-directory/apps/web/src/app/layout.tsx","statementMap":{"0":{"start":{"line":39,"column":24},"end":{"line":39,"column":35}},"1":{"start":{"line":13,"column":13},"end":{"line":13,"column":21}},"2":{"start":{"line":2,"column":22},"end":{"line":2,"column":null}},"3":{"start":{"line":3,"column":26},"end":{"line":3,"column":null}},"4":{"start":{"line":4,"column":42},"end":{"line":4,"column":null}},"5":{"start":{"line":5,"column":7},"end":{"line":5,"column":null}},"6":{"start":{"line":7,"column":14},"end":{"line":11,"column":null}},"7":{"start":{"line":13,"column":34},"end":{"line":37,"column":null}}},"fnMap":{"0":{"name":"RootLayout","decl":{"start":{"line":39,"column":24},"end":{"line":39,"column":35}},"loc":{"start":{"line":43,"column":2},"end":{"line":53,"column":1}}}},"branchMap":{},"s":{"0":0,"1":0,"2":0,"3":0,"4":0,"5":0,"6":0,"7":0},"f":{"0":0},"b":{}}
,"/Users/janimi847/oss-workspace/containers-directory/apps/web/src/app/not-found.tsx": {"path":"/Users/janimi847/oss-workspace/containers-directory/apps/web/src/app/not-found.tsx","statementMap":{"0":{"start":{"line":7,"column":24},"end":{"line":7,"column":null}},"1":{"start":{"line":1,"column":17},"end":{"line":1,"column":null}},"2":{"start":{"line":2,"column":29},"end":{"line":2,"column":null}},"3":{"start":{"line":3,"column":23},"end":{"line":3,"column":null}},"4":{"start":{"line":4,"column":19},"end":{"line":4,"column":null}},"5":{"start":{"line":5,"column":19},"end":{"line":5,"column":null}}},"fnMap":{"0":{"name":"NotFound","decl":{"start":{"line":7,"column":24},"end":{"line":7,"column":null}},"loc":{"start":{"line":7,"column":24},"end":{"line":44,"column":null}}}},"branchMap":{},"s":{"0":0,"1":0,"2":0,"3":0,"4":0,"5":0},"f":{"0":0},"b":{}}
,"/Users/janimi847/oss-workspace/containers-directory/apps/web/src/app/page.tsx": {"path":"/Users/janimi847/oss-workspace/containers-directory/apps/web/src/app/page.tsx","statementMap":{"0":{"start":{"line":17,"column":24},"end":{"line":17,"column":null}},"1":{"start":{"line":3,"column":32},"end":{"line":3,"column":null}},"2":{"start":{"line":4,"column":19},"end":{"line":4,"column":null}},"3":{"start":{"line":5,"column":23},"end":{"line":5,"column":null}},"4":{"start":{"line":6,"column":33},"end":{"line":6,"column":null}},"5":{"start":{"line":7,"column":27},"end":{"line":7,"column":null}},"6":{"start":{"line":8,"column":19},"end":{"line":8,"column":null}},"7":{"start":{"line":9,"column":30},"end":{"line":9,"column":null}},"8":{"start":{"line":10,"column":29},"end":{"line":10,"column":null}},"9":{"start":{"line":11,"column":32},"end":{"line":11,"column":null}},"10":{"start":{"line":12,"column":27},"end":{"line":12,"column":null}},"11":{"start":{"line":13,"column":23},"end":{"line":13,"column":null}},"12":{"start":{"line":14,"column":30},"end":{"line":14,"column":null}},"13":{"start":{"line":18,"column":34},"end":{"line":18,"column":null}},"14":{"start":{"line":31,"column":6},"end":{"line":34,"column":null}},"15":{"start":{"line":72,"column":26},"end":{"line":72,"column":null}},"16":{"start":{"line":73,"column":26},"end":{"line":73,"column":null}},"17":{"start":{"line":85,"column":35},"end":{"line":85,"column":null}},"18":{"start":{"line":96,"column":35},"end":{"line":96,"column":null}},"19":{"start":{"line":113,"column":20},"end":{"line":113,"column":51}},"20":{"start":{"line":119,"column":20},"end":{"line":119,"column":51}},"21":{"start":{"line":149,"column":22},"end":{"line":149,"column":null}},"22":{"start":{"line":150,"column":22},"end":{"line":150,"column":null}}},"fnMap":{"0":{"name":"HomePage","decl":{"start":{"line":17,"column":24},"end":{"line":17,"column":null}},"loc":{"start":{"line":17,"column":24},"end":{"line":166,"column":null}}},"1":{"name":"(anonymous_6)","decl":{"start":{"line":71,"column":33},"end":{"line":71,"column":null}},"loc":{"start":{"line":71,"column":33},"end":{"line":74,"column":null}}},"2":{"name":"(anonymous_7)","decl":{"start":{"line":85,"column":29},"end":{"line":85,"column":35}},"loc":{"start":{"line":85,"column":35},"end":{"line":85,"column":null}}},"3":{"name":"(anonymous_8)","decl":{"start":{"line":96,"column":29},"end":{"line":96,"column":35}},"loc":{"start":{"line":96,"column":35},"end":{"line":96,"column":null}}},"4":{"name":"(anonymous_9)","decl":{"start":{"line":112,"column":39},"end":{"line":112,"column":40}},"loc":{"start":{"line":113,"column":20},"end":{"line":113,"column":51}}},"5":{"name":"(anonymous_10)","decl":{"start":{"line":118,"column":39},"end":{"line":118,"column":40}},"loc":{"start":{"line":119,"column":20},"end":{"line":119,"column":51}}},"6":{"name":"(anonymous_11)","decl":{"start":{"line":148,"column":29},"end":{"line":148,"column":null}},"loc":{"start":{"line":148,"column":29},"end":{"line":151,"column":null}}}},"branchMap":{"0":{"loc":{"start":{"line":63,"column":21},"end":{"line":63,"column":null}},"type":"cond-expr","locations":[{"start":{"line":63,"column":50},"end":{"line":63,"column":65}},{"start":{"line":63,"column":65},"end":{"line":63,"column":null}}]},"1":{"loc":{"start":{"line":69,"column":22},"end":{"line":69,"column":52}},"type":"binary-expr","locations":[{"start":{"line":69,"column":22},"end":{"line":69,"column":52}},{"start":{"line":69,"column":52},"end":{"line":69,"column":74}}]},"2":{"loc":{"start":{"line":87,"column":22},"end":{"line":89,"column":null}},"type":"cond-expr","locations":[{"start":{"line":88,"column":26},"end":{"line":88,"column":null}},{"start":{"line":89,"column":26},"end":{"line":89,"column":null}}]},"3":{"loc":{"start":{"line":98,"column":22},"end":{"line":100,"column":null}},"type":"cond-expr","locations":[{"start":{"line":99,"column":26},"end":{"line":99,"column":null}},{"start":{"line":100,"column":26},"end":{"line":100,"column":null}}]},"4":{"loc":{"start":{"line":111,"column":16},"end":{"line":117,"column":17}},"type":"cond-expr","locations":[{"start":{"line":111,"column":16},"end":{"line":117,"column":17}}]},"5":{"loc":{"start":{"line":125,"column":15},"end":{"line":125,"column":null}},"type":"binary-expr","locations":[{"start":{"line":125,"column":15},"end":{"line":125,"column":null}}]},"6":{"loc":{"start":{"line":138,"column":15},"end":{"line":138,"column":null}},"type":"binary-expr","locations":[{"start":{"line":138,"column":15},"end":{"line":138,"column":null}}]}},"s":{"0":0,"1":0,"2":0,"3":0,"4":0,"5":0,"6":0,"7":0,"8":0,"9":0,"10":0,"11":0,"12":0,"13":0,"14":0,"15":0,"16":0,"17":0,"18":0,"19":0,"20":0,"21":0,"22":0},"f":{"0":0,"1":0,"2":0,"3":0,"4":0,"5":0,"6":0},"b":{"0":[0,0],"1":[0,0],"2":[0,0],"3":[0,0],"4":[0],"5":[0],"6":[0]}}
,"/Users/janimi847/oss-workspace/containers-directory/apps/web/src/app/image/[name]/page.tsx": {"path":"/Users/janimi847/oss-workspace/containers-directory/apps/web/src/app/image/[name]/page.tsx","statementMap":{"0":{"start":{"line":23,"column":24},"end":{"line":23,"column":40}},"1":{"start":{"line":3,"column":43},"end":{"line":3,"column":null}},"2":{"start":{"line":5,"column":26},"end":{"line":5,"column":null}},"3":{"start":{"line":6,"column":17},"end":{"line":6,"column":null}},"4":{"start":{"line":7,"column":18},"end":{"line":7,"column":null}},"5":{"start":{"line":8,"column":19},"end":{"line":8,"column":null}},"6":{"start":{"line":9,"column":19},"end":{"line":9,"column":null}},"7":{"start":{"line":10,"column":26},"end":{"line":10,"column":null}},"8":{"start":{"line":11,"column":20},"end":{"line":11,"column":null}},"9":{"start":{"line":12,"column":24},"end":{"line":12,"column":null}},"10":{"start":{"line":13,"column":31},"end":{"line":13,"column":null}},"11":{"start":{"line":14,"column":20},"end":{"line":14,"column":null}},"12":{"start":{"line":15,"column":26},"end":{"line":15,"column":null}},"13":{"start":{"line":16,"column":30},"end":{"line":16,"column":null}},"14":{"start":{"line":17,"column":26},"end":{"line":17,"column":null}},"15":{"start":{"line":18,"column":26},"end":{"line":18,"column":null}},"16":{"start":{"line":19,"column":29},"end":{"line":19,"column":null}},"17":{"start":{"line":20,"column":56},"end":{"line":20,"column":null}},"18":{"start":{"line":21,"column":22},"end":{"line":21,"column":null}},"19":{"start":{"line":24,"column":17},"end":{"line":24,"column":null}},"20":{"start":{"line":25,"column":25},"end":{"line":25,"column":null}},"21":{"start":{"line":26,"column":16},"end":{"line":26,"column":null}},"22":{"start":{"line":26,"column":41},"end":{"line":26,"column":73}},"23":{"start":{"line":28,"column":36},"end":{"line":28,"column":null}},"24":{"start":{"line":29,"column":30},"end":{"line":29,"column":null}},"25":{"start":{"line":32,"column":34},"end":{"line":32,"column":null}},"26":{"start":{"line":33,"column":48},"end":{"line":33,"column":null}},"27":{"start":{"line":34,"column":26},"end":{"line":34,"column":null}},"28":{"start":{"line":35,"column":38},"end":{"line":35,"column":null}},"29":{"start":{"line":36,"column":46},"end":{"line":36,"column":null}},"30":{"start":{"line":37,"column":38},"end":{"line":37,"column":null}},"31":{"start":{"line":39,"column":2},"end":{"line":197,"column":null}},"32":{"start":{"line":41,"column":22},"end":{"line":194,"column":null}},"33":{"start":{"line":42,"column":25},"end":{"line":42,"column":null}},"34":{"start":{"line":44,"column":6},"end":{"line":193,"column":null}},"35":{"start":{"line":45,"column":28},"end":{"line":45,"column":null}},"36":{"start":{"line":46,"column":24},"end":{"line":46,"column":null}},"37":{"start":{"line":47,"column":24},"end":{"line":47,"column":null}},"38":{"start":{"line":48,"column":30},"end":{"line":48,"column":null}},"39":{"start":{"line":49,"column":25},"end":{"line":49,"column":null}},"40":{"start":{"line":50,"column":30},"end":{"line":50,"column":null}},"41":{"start":{"line":52,"column":8},"end":{"line":95,"column":null}},"42":{"start":{"line":53,"column":23},"end":{"line":53,"column":null}},"43":{"start":{"line":54,"column":10},"end":{"line":54,"column":null}},"44":{"start":{"line":57,"column":10},"end":{"line":94,"column":null}},"45":{"start":{"line":97,"column":8},"end":{"line":99,"column":null}},"46":{"start":{"line":98,"column":10},"end":{"line":98,"column":null}},"47":{"start":{"line":101,"column":8},"end":{"line":164,"column":null}},"48":{"start":{"line":102,"column":23},"end":{"line":102,"column":null}},"49":{"start":{"line":103,"column":10},"end":{"line":103,"column":null}},"50":{"start":{"line":106,"column":10},"end":{"line":163,"column":null}},"51":{"start":{"line":166,"column":8},"end":{"line":166,"column":null}},"52":{"start":{"line":166,"column":30},"end":{"line":166,"column":null}},"53":{"start":{"line":167,"column":8},"end":{"line":167,"column":null}},"54":{"start":{"line":167,"column":25},"end":{"line":167,"column":null}},"55":{"start":{"line":168,"column":8},"end":{"line":168,"column":null}},"56":{"start":{"line":168,"column":30},"end":{"line":168,"column":null}},"57":{"start":{"line":170,"column":8},"end":{"line":170,"column":null}},"58":{"start":{"line":172,"column":8},"end":{"line":182,"column":null}},"59":{"start":{"line":184,"column":8},"end":{"line":192,"column":null}},"60":{"start":{"line":196,"column":4},"end":{"line":196,"column":null}},"61":{"start":{"line":199,"column":2},"end":{"line":215,"column":null}},"62":{"start":{"line":206,"column":27},"end":{"line":206,"column":null}},"63":{"start":{"line":217,"column":26},"end":{"line":222,"column":null}},"64":{"start":{"line":218,"column":20},"end":{"line":218,"column":73}},"65":{"start":{"line":219,"column":4},"end":{"line":219,"column":null}},"66":{"start":{"line":220,"column":4},"end":{"line":220,"column":null}},"67":{"start":{"line":221,"column":4},"end":{"line":221,"column":null}},"68":{"start":{"line":221,"column":21},"end":{"line":221,"column":39}}},"fnMap":{"0":{"name":"ImageDetailPage","decl":{"start":{"line":23,"column":24},"end":{"line":23,"column":40}},"loc":{"start":{"line":23,"column":89},"end":{"line":370,"column":null}}},"1":{"name":"(anonymous_6)","decl":{"start":{"line":26,"column":34},"end":{"line":26,"column":41}},"loc":{"start":{"line":26,"column":41},"end":{"line":26,"column":73}}},"2":{"name":"(anonymous_7)","decl":{"start":{"line":39,"column":12},"end":{"line":39,"column":null}},"loc":{"start":{"line":39,"column":12},"end":{"line":197,"column":5}}},"3":{"name":"(anonymous_8)","decl":{"start":{"line":41,"column":22},"end":{"line":41,"column":null}},"loc":{"start":{"line":41,"column":22},"end":{"line":194,"column":null}}},"4":{"name":"(anonymous_9)","decl":{"start":{"line":206,"column":21},"end":{"line":206,"column":27}},"loc":{"start":{"line":206,"column":27},"end":{"line":206,"column":null}}},"5":{"name":"(anonymous_10)","decl":{"start":{"line":217,"column":26},"end":{"line":217,"column":null}},"loc":{"start":{"line":217,"column":26},"end":{"line":222,"column":null}}},"6":{"name":"(anonymous_11)","decl":{"start":{"line":221,"column":15},"end":{"line":221,"column":21}},"loc":{"start":{"line":221,"column":21},"end":{"line":221,"column":39}}}},"branchMap":{"0":{"loc":{"start":{"line":42,"column":25},"end":{"line":42,"column":null}},"type":"binary-expr","locations":[{"start":{"line":42,"column":25},"end":{"line":42,"column":60}},{"start":{"line":42,"column":64},"end":{"line":42,"column":null}}]},"1":{"loc":{"start":{"line":52,"column":8},"end":{"line":95,"column":null}},"type":"if","locations":[{"start":{"line":52,"column":8},"end":{"line":95,"column":null}},{"start":{"line":55,"column":15},"end":{"line":95,"column":null}}]},"2":{"loc":{"start":{"line":97,"column":8},"end":{"line":99,"column":null}},"type":"if","locations":[{"start":{"line":97,"column":8},"end":{"line":99,"column":null}}]},"3":{"loc":{"start":{"line":101,"column":8},"end":{"line":164,"column":null}},"type":"if","locations":[{"start":{"line":101,"column":8},"end":{"line":164,"column":null}},{"start":{"line":104,"column":15},"end":{"line":164,"column":null}}]},"4":{"loc":{"start":{"line":166,"column":8},"end":{"line":166,"column":null}},"type":"if","locations":[{"start":{"line":166,"column":8},"end":{"line":166,"column":null}}]},"5":{"loc":{"start":{"line":167,"column":8},"end":{"line":167,"column":null}},"type":"if","locations":[{"start":{"line":167,"column":8},"end":{"line":167,"column":null}}]},"6":{"loc":{"start":{"line":168,"column":8},"end":{"line":168,"column":null}},"type":"if","locations":[{"start":{"line":168,"column":8},"end":{"line":168,"column":null}}]},"7":{"loc":{"start":{"line":199,"column":2},"end":{"line":215,"column":null}},"type":"if","locations":[{"start":{"line":199,"column":2},"end":{"line":215,"column":null}}]},"8":{"loc":{"start":{"line":296,"column":28},"end":{"line":296,"column":61}},"type":"cond-expr","locations":[{"start":{"line":296,"column":28},"end":{"line":296,"column":61}}]},"9":{"loc":{"start":{"line":325,"column":9},"end":{"line":332,"column":null}},"type":"binary-expr","locations":[{"start":{"line":325,"column":9},"end":{"line":325,"column":null}},{"start":{"line":326,"column":10},"end":{"line":332,"column":null}}]},"10":{"loc":{"start":{"line":326,"column":10},"end":{"line":332,"column":null}},"type":"cond-expr","locations":[{"start":{"line":327,"column":12},"end":{"line":329,"column":13}},{"start":{"line":329,"column":12},"end":{"line":332,"column":null}}]},"11":{"loc":{"start":{"line":334,"column":9},"end":{"line":334,"column":37}},"type":"binary-expr","locations":[{"start":{"line":334,"column":9},"end":{"line":334,"column":37}}]},"12":{"loc":{"start":{"line":335,"column":9},"end":{"line":335,"column":44}},"type":"binary-expr","locations":[{"start":{"line":335,"column":9},"end":{"line":335,"column":44}}]},"13":{"loc":{"start":{"line":336,"column":9},"end":{"line":343,"column":null}},"type":"binary-expr","locations":[{"start":{"line":336,"column":9},"end":{"line":336,"column":null}},{"start":{"line":337,"column":10},"end":{"line":343,"column":null}}]},"14":{"loc":{"start":{"line":337,"column":10},"end":{"line":343,"column":null}},"type":"cond-expr","locations":[{"start":{"line":338,"column":12},"end":{"line":340,"column":13}},{"start":{"line":340,"column":12},"end":{"line":343,"column":null}}]},"15":{"loc":{"start":{"line":345,"column":9},"end":{"line":352,"column":null}},"type":"binary-expr","locations":[{"start":{"line":345,"column":9},"end":{"line":345,"column":null}},{"start":{"line":346,"column":10},"end":{"line":352,"column":null}}]},"16":{"loc":{"start":{"line":346,"column":10},"end":{"line":352,"column":null}},"type":"cond-expr","locations":[{"start":{"line":347,"column":12},"end":{"line":349,"column":13}},{"start":{"line":349,"column":12},"end":{"line":352,"column":null}}]},"17":{"loc":{"start":{"line":354,"column":9},"end":{"line":361,"column":null}},"type":"binary-expr","locations":[{"start":{"line":354,"column":9},"end":{"line":354,"column":null}},{"start":{"line":355,"column":10},"end":{"line":361,"column":null}}]},"18":{"loc":{"start":{"line":355,"column":10},"end":{"line":361,"column":null}},"type":"cond-expr","locations":[{"start":{"line":356,"column":12},"end":{"line":358,"column":13}},{"start":{"line":358,"column":12},"end":{"line":361,"column":null}}]},"19":{"loc":{"start":{"line":363,"column":9},"end":{"line":363,"column":39}},"type":"binary-expr","locations":[{"start":{"line":363,"column":9},"end":{"line":363,"column":39}}]},"20":{"loc":{"start":{"line":364,"column":9},"end":{"line":364,"column":39}},"type":"binary-expr","locations":[{"start":{"line":364,"column":9},"end":{"line":364,"column":39}}]}},"s":{"0":0,"1":0,"2":0,"3":0,"4":0,"5":0,"6":0,"7":0,"8":0,"9":0,"10":0,"11":0,"12":0,"13":0,"14":0,"15":0,"16":0,"17":0,"18":0,"19":0,"20":0,"21":0,"22":0,"23":0,"24":0,"25":0,"26":0,"27":0,"28":0,"29":0,"30":0,"31":0,"32":0,"33":0,"34":0,"35":0,"36":0,"37":0,"38":0,"39":0,"40":0,"41":0,"42":0,"43":0,"44":0,"45":0,"46":0,"47":0,"48":0,"49":0,"50":0,"51":0,"52":0,"53":0,"54":0,"55":0,"56":0,"57":0,"58":0,"59":0,"60":0,"61":0,"62":0,"63":0,"64":0,"65":0,"66":0,"67":0,"68":0},"f":{"0":0,"1":0,"2":0,"3":0,"4":0,"5":0,"6":0},"b":{"0":[0,0],"1":[0,0],"2":[0],"3":[0,0],"4":[0],"5":[0],"6":[0],"7":[0],"8":[0],"9":[0,0],"10":[0,0],"11":[0],"12":[0],"13":[0,0],"14":[0,0],"15":[0,0],"16":[0,0],"17":[0,0],"18":[0,0],"19":[0],"20":[0]}}
,"/Users/janimi847/oss-workspace/containers-directory/apps/web/src/components/CleanImageCard.tsx": {"path":"/Users/janimi847/oss-workspace/containers-directory/apps/web/src/components/CleanImageCard.tsx","statementMap":{"0":{"start":{"line":78,"column":0},"end":{"line":78,"column":15}},"1":{"start":{"line":3,"column":18},"end":{"line":3,"column":null}},"2":{"start":{"line":4,"column":17},"end":{"line":4,"column":null}},"3":{"start":{"line":5,"column":18},"end":{"line":5,"column":null}},"4":{"start":{"line":7,"column":22},"end":{"line":7,"column":null}},"5":{"start":{"line":8,"column":33},"end":{"line":8,"column":null}},"6":{"start":{"line":14,"column":54},"end":{"line":76,"column":null}},"7":{"start":{"line":78,"column":15},"end":{"line":78,"column":null}}},"fnMap":{"0":{"name":"(anonymous_2)","decl":{"start":{"line":14,"column":54},"end":{"line":14,"column":55}},"loc":{"start":{"line":14,"column":64},"end":{"line":76,"column":null}}}},"branchMap":{"0":{"loc":{"start":{"line":53,"column":11},"end":{"line":53,"column":23}},"type":"binary-expr","locations":[{"start":{"line":53,"column":11},"end":{"line":53,"column":23}}]}},"s":{"0":0,"1":0,"2":0,"3":0,"4":0,"5":0,"6":0,"7":0},"f":{"0":0},"b":{"0":[0]}}
,"/Users/janimi847/oss-workspace/containers-directory/apps/web/src/components/ErrorBoundary.tsx": {"path":"/Users/janimi847/oss-workspace/containers-directory/apps/web/src/components/ErrorBoundary.tsx","statementMap":{"0":{"start":{"line":17,"column":13},"end":{"line":17,"column":35}},"1":{"start":{"line":3,"column":44},"end":{"line":3,"column":null}},"2":{"start":{"line":4,"column":30},"end":{"line":4,"column":null}},"3":{"start":{"line":5,"column":23},"end":{"line":5,"column":null}},"4":{"start":{"line":19,"column":4},"end":{"line":42,"column":null}},"5":{"start":{"line":38,"column":4},"end":{"line":41,"column":null}},"6":{"start":{"line":20,"column":4},"end":{"line":23,"column":null}},"7":{"start":{"line":27,"column":4},"end":{"line":30,"column":null}},"8":{"start":{"line":34,"column":4},"end":{"line":34,"column":null}},"9":{"start":{"line":45,"column":4},"end":{"line":80,"column":null}},"10":{"start":{"line":46,"column":6},"end":{"line":48,"column":null}},"11":{"start":{"line":47,"column":8},"end":{"line":47,"column":null}},"12":{"start":{"line":70,"column":31},"end":{"line":70,"column":null}},"13":{"start":{"line":82,"column":4},"end":{"line":82,"column":null}}},"fnMap":{"0":{"name":"(anonymous_4)","decl":{"start":{"line":18,"column":2},"end":{"line":18,"column":14}},"loc":{"start":{"line":18,"column":28},"end":{"line":24,"column":null}}},"1":{"name":"(anonymous_5)","decl":{"start":{"line":37,"column":16},"end":{"line":37,"column":null}},"loc":{"start":{"line":37,"column":16},"end":{"line":42,"column":null}}},"2":{"name":"(anonymous_6)","decl":{"start":{"line":26,"column":2},"end":{"line":26,"column":9}},"loc":{"start":{"line":26,"column":55},"end":{"line":31,"column":null}}},"3":{"name":"(anonymous_7)","decl":{"start":{"line":33,"column":2},"end":{"line":33,"column":20}},"loc":{"start":{"line":33,"column":62},"end":{"line":35,"column":null}}},"4":{"name":"(anonymous_8)","decl":{"start":{"line":44,"column":2},"end":{"line":44,"column":11}},"loc":{"start":{"line":44,"column":11},"end":{"line":83,"column":null}}},"5":{"name":"(anonymous_9)","decl":{"start":{"line":70,"column":25},"end":{"line":70,"column":31}},"loc":{"start":{"line":70,"column":31},"end":{"line":70,"column":null}}}},"branchMap":{"0":{"loc":{"start":{"line":45,"column":4},"end":{"line":80,"column":null}},"type":"if","locations":[{"start":{"line":45,"column":4},"end":{"line":80,"column":null}}]},"1":{"loc":{"start":{"line":46,"column":6},"end":{"line":48,"column":null}},"type":"if","locations":[{"start":{"line":46,"column":6},"end":{"line":48,"column":null}}]},"2":{"loc":{"start":{"line":60,"column":15},"end":{"line":60,"column":null}},"type":"binary-expr","locations":[{"start":{"line":60,"column":15},"end":{"line":60,"column":44}},{"start":{"line":60,"column":44},"end":{"line":60,"column":null}}]}},"s":{"0":0,"1":0,"2":0,"3":0,"4":0,"5":0,"6":0,"7":0,"8":0,"9":0,"10":0,"11":0,"12":0,"13":0},"f":{"0":0,"1":0,"2":0,"3":0,"4":0,"5":0},"b":{"0":[0],"1":[0],"2":[0,0]}}
,"/Users/janimi847/oss-workspace/containers-directory/apps/web/src/components/Footer.tsx": {"path":"/Users/janimi847/oss-workspace/containers-directory/apps/web/src/components/Footer.tsx","statementMap":{"0":{"start":{"line":213,"column":0},"end":{"line":213,"column":15}},"1":{"start":{"line":1,"column":18},"end":{"line":1,"column":null}},"2":{"start":{"line":2,"column":17},"end":{"line":2,"column":null}},"3":{"start":{"line":3,"column":79},"end":{"line":3,"column":null}},"4":{"start":{"line":5,"column":15},"end":{"line":211,"column":null}},"5":{"start":{"line":6,"column":22},"end":{"line":6,"column":null}},"6":{"start":{"line":213,"column":15},"end":{"line":213,"column":null}}},"fnMap":{"0":{"name":"(anonymous_2)","decl":{"start":{"line":5,"column":15},"end":{"line":5,"column":null}},"loc":{"start":{"line":5,"column":15},"end":{"line":211,"column":null}}}},"branchMap":{},"s":{"0":0,"1":0,"2":0,"3":0,"4":0,"5":0,"6":0},"f":{"0":0},"b":{}}
,"/Users/janimi847/oss-workspace/containers-directory/apps/web/src/components/Header.tsx": {"path":"/Users/janimi847/oss-workspace/containers-directory/apps/web/src/components/Header.tsx","statementMap":{"0":{"start":{"line":158,"column":0},"end":{"line":158,"column":15}},"1":{"start":{"line":3,"column":43},"end":{"line":3,"column":null}},"2":{"start":{"line":4,"column":17},"end":{"line":4,"column":null}},"3":{"start":{"line":5,"column":51},"end":{"line":5,"column":null}},"4":{"start":{"line":6,"column":23},"end":{"line":6,"column":null}},"5":{"start":{"line":8,"column":15},"end":{"line":156,"column":null}},"6":{"start":{"line":9,"column":38},"end":{"line":9,"column":null}},"7":{"start":{"line":10,"column":50},"end":{"line":10,"column":null}},"8":{"start":{"line":12,"column":2},"end":{"line":18,"column":null}},"9":{"start":{"line":13,"column":25},"end":{"line":15,"column":null}},"10":{"start":{"line":14,"column":6},"end":{"line":14,"column":null}},"11":{"start":{"line":16,"column":4},"end":{"line":16,"column":null}},"12":{"start":{"line":17,"column":4},"end":{"line":17,"column":null}},"13":{"start":{"line":17,"column":17},"end":{"line":17,"column":null}},"14":{"start":{"line":94,"column":27},"end":{"line":94,"column":null}},"15":{"start":{"line":110,"column":29},"end":{"line":110,"column":null}},"16":{"start":{"line":117,"column":29},"end":{"line":117,"column":null}},"17":{"start":{"line":124,"column":29},"end":{"line":124,"column":null}},"18":{"start":{"line":131,"column":29},"end":{"line":131,"column":null}},"19":{"start":{"line":139,"column":31},"end":{"line":139,"column":null}},"20":{"start":{"line":145,"column":31},"end":{"line":145,"column":null}},"21":{"start":{"line":158,"column":15},"end":{"line":158,"column":null}}},"fnMap":{"0":{"name":"(anonymous_5)","decl":{"start":{"line":8,"column":15},"end":{"line":8,"column":null}},"loc":{"start":{"line":8,"column":15},"end":{"line":156,"column":null}}},"1":{"name":"(anonymous_6)","decl":{"start":{"line":12,"column":12},"end":{"line":12,"column":null}},"loc":{"start":{"line":12,"column":12},"end":{"line":18,"column":5}}},"2":{"name":"(anonymous_7)","decl":{"start":{"line":13,"column":25},"end":{"line":13,"column":null}},"loc":{"start":{"line":13,"column":25},"end":{"line":15,"column":null}}},"3":{"name":"(anonymous_8)","decl":{"start":{"line":17,"column":11},"end":{"line":17,"column":17}},"loc":{"start":{"line":17,"column":17},"end":{"line":17,"column":null}}},"4":{"name":"(anonymous_9)","decl":{"start":{"line":94,"column":21},"end":{"line":94,"column":27}},"loc":{"start":{"line":94,"column":27},"end":{"line":94,"column":null}}},"5":{"name":"(anonymous_10)","decl":{"start":{"line":110,"column":23},"end":{"line":110,"column":29}},"loc":{"start":{"line":110,"column":29},"end":{"line":110,"column":null}}},"6":{"name":"(anonymous_11)","decl":{"start":{"line":117,"column":23},"end":{"line":117,"column":29}},"loc":{"start":{"line":117,"column":29},"end":{"line":117,"column":null}}},"7":{"name":"(anonymous_12)","decl":{"start":{"line":124,"column":23},"end":{"line":124,"column":29}},"loc":{"start":{"line":124,"column":29},"end":{"line":124,"column":null}}},"8":{"name":"(anonymous_13)","decl":{"start":{"line":131,"column":23},"end":{"line":131,"column":29}},"loc":{"start":{"line":131,"column":29},"end":{"line":131,"column":null}}},"9":{"name":"(anonymous_14)","decl":{"start":{"line":139,"column":25},"end":{"line":139,"column":31}},"loc":{"start":{"line":139,"column":31},"end":{"line":139,"column":null}}},"10":{"name":"(anonymous_15)","decl":{"start":{"line":145,"column":25},"end":{"line":145,"column":31}},"loc":{"start":{"line":145,"column":31},"end":{"line":145,"column":null}}}},"branchMap":{"0":{"loc":{"start":{"line":23,"column":8},"end":{"line":25,"column":null}},"type":"cond-expr","locations":[{"start":{"line":24,"column":12},"end":{"line":24,"column":null}},{"start":{"line":25,"column":12},"end":{"line":25,"column":null}}]},"1":{"loc":{"start":{"line":97,"column":14},"end":{"line":99,"column":15}},"type":"cond-expr","locations":[{"start":{"line":97,"column":14},"end":{"line":99,"column":15}}]},"2":{"loc":{"start":{"line":105,"column":9},"end":{"line":105,"column":null}},"type":"binary-expr","locations":[{"start":{"line":105,"column":9},"end":{"line":105,"column":null}}]}},"s":{"0":0,"1":0,"2":0,"3":0,"4":0,"5":0,"6":0,"7":0,"8":0,"9":0,"10":0,"11":0,"12":0,"13":0,"14":0,"15":0,"16":0,"17":0,"18":0,"19":0,"20":0,"21":0},"f":{"0":0,"1":0,"2":0,"3":0,"4":0,"5":0,"6":0,"7":0,"8":0,"9":0,"10":0},"b":{"0":[0,0],"1":[0],"2":[0]}}
,"/Users/janimi847/oss-workspace/containers-directory/apps/web/src/components/Loading.tsx": {"path":"/Users/janimi847/oss-workspace/containers-directory/apps/web/src/components/Loading.tsx","statementMap":{"0":{"start":{"line":26,"column":13},"end":{"line":26,"column":30}},"1":{"start":{"line":41,"column":13},"end":{"line":41,"column":30}},"2":{"start":{"line":8,"column":13},"end":{"line":8,"column":20}},"3":{"start":{"line":1,"column":18},"end":{"line":1,"column":null}},"4":{"start":{"line":8,"column":47},"end":{"line":24,"column":null}},"5":{"start":{"line":12,"column":25},"end":{"line":14,"column":null}},"6":{"start":{"line":26,"column":43},"end":{"line":39,"column":null}},"7":{"start":{"line":41,"column":63},"end":{"line":49,"column":null}},"8":{"start":{"line":45,"column":8},"end":{"line":45,"column":null}}},"fnMap":{"0":{"name":"(anonymous_5)","decl":{"start":{"line":8,"column":47},"end":{"line":8,"column":48}},"loc":{"start":{"line":11,"column":1},"end":{"line":24,"column":null}}},"1":{"name":"(anonymous_6)","decl":{"start":{"line":26,"column":43},"end":{"line":26,"column":null}},"loc":{"start":{"line":26,"column":43},"end":{"line":39,"column":null}}},"2":{"name":"(anonymous_7)","decl":{"start":{"line":41,"column":63},"end":{"line":41,"column":64}},"loc":{"start":{"line":41,"column":77},"end":{"line":49,"column":null}}},"3":{"name":"(anonymous_8)","decl":{"start":{"line":44,"column":41},"end":{"line":44,"column":42}},"loc":{"start":{"line":45,"column":8},"end":{"line":45,"column":null}}}},"branchMap":{"0":{"loc":{"start":{"line":9,"column":2},"end":{"line":9,"column":24}},"type":"default-arg","locations":[{"start":{"line":9,"column":12},"end":{"line":9,"column":24}}]},"1":{"loc":{"start":{"line":10,"column":2},"end":{"line":10,"column":20}},"type":"default-arg","locations":[{"start":{"line":10,"column":15},"end":{"line":10,"column":20}}]},"2":{"loc":{"start":{"line":12,"column":25},"end":{"line":14,"column":null}},"type":"cond-expr","locations":[{"start":{"line":13,"column":6},"end":{"line":13,"column":null}},{"start":{"line":14,"column":6},"end":{"line":14,"column":null}}]},"3":{"loc":{"start":{"line":41,"column":66},"end":{"line":41,"column":75}},"type":"default-arg","locations":[{"start":{"line":41,"column":74},"end":{"line":41,"column":75}}]}},"s":{"0":0,"1":0,"2":0,"3":0,"4":0,"5":0,"6":0,"7":0,"8":0},"f":{"0":0,"1":0,"2":0,"3":0},"b":{"0":[0],"1":[0],"2":[0,0],"3":[0]}}
,"/Users/janimi847/oss-workspace/containers-directory/apps/web/src/components/ModernCategoryFilter.tsx": {"path":"/Users/janimi847/oss-workspace/containers-directory/apps/web/src/components/ModernCategoryFilter.tsx","statementMap":{"0":{"start":{"line":105,"column":0},"end":{"line":105,"column":15}},"1":{"start":{"line":3,"column":18},"end":{"line":3,"column":null}},"2":{"start":{"line":4,"column":22},"end":{"line":4,"column":null}},"3":{"start":{"line":5,"column":27},"end":{"line":5,"column":null}},"4":{"start":{"line":6,"column":30},"end":{"line":6,"column":null}},"5":{"start":{"line":16,"column":66},"end":{"line":103,"column":null}},"6":{"start":{"line":23,"column":24},"end":{"line":26,"column":null}},"7":{"start":{"line":25,"column":30},"end":{"line":25,"column":null}},"8":{"start":{"line":37,"column":12},"end":{"line":38,"column":null}},"9":{"start":{"line":39,"column":29},"end":{"line":39,"column":null}},"10":{"start":{"line":63,"column":27},"end":{"line":63,"column":37}},"11":{"start":{"line":64,"column":14},"end":{"line":66,"column":null}},"12":{"start":{"line":67,"column":33},"end":{"line":67,"column":null}},"13":{"start":{"line":92,"column":12},"end":{"line":92,"column":null}},"14":{"start":{"line":93,"column":12},"end":{"line":93,"column":null}},"15":{"start":{"line":93,"column":31},"end":{"line":93,"column":null}},"16":{"start":{"line":94,"column":12},"end":{"line":94,"column":null}},"17":{"start":{"line":94,"column":34},"end":{"line":94,"column":null}},"18":{"start":{"line":105,"column":15},"end":{"line":105,"column":null}}},"fnMap":{"0":{"name":"(anonymous_2)","decl":{"start":{"line":16,"column":66},"end":{"line":16,"column":67}},"loc":{"start":{"line":22,"column":1},"end":{"line":103,"column":null}}},"1":{"name":"(anonymous_3)","decl":{"start":{"line":25,"column":22},"end":{"line":25,"column":30}},"loc":{"start":{"line":25,"column":30},"end":{"line":25,"column":null}}},"2":{"name":"(anonymous_4)","decl":{"start":{"line":36,"column":29},"end":{"line":36,"column":30}},"loc":{"start":{"line":37,"column":12},"end":{"line":38,"column":null}}},"3":{"name":"(anonymous_5)","decl":{"start":{"line":39,"column":23},"end":{"line":39,"column":29}},"loc":{"start":{"line":39,"column":29},"end":{"line":39,"column":null}}},"4":{"name":"(anonymous_6)","decl":{"start":{"line":62,"column":31},"end":{"line":62,"column":32}},"loc":{"start":{"line":62,"column":32},"end":{"line":83,"column":null}}},"5":{"name":"(anonymous_7)","decl":{"start":{"line":67,"column":27},"end":{"line":67,"column":33}},"loc":{"start":{"line":67,"column":33},"end":{"line":67,"column":null}}},"6":{"name":"(anonymous_8)","decl":{"start":{"line":91,"column":19},"end":{"line":91,"column":null}},"loc":{"start":{"line":91,"column":19},"end":{"line":95,"column":null}}}},"branchMap":{"0":{"loc":{"start":{"line":19,"column":2},"end":{"line":19,"column":23}},"type":"default-arg","locations":[{"start":{"line":19,"column":18},"end":{"line":19,"column":23}}]},"1":{"loc":{"start":{"line":41,"column":16},"end":{"line":43,"column":null}},"type":"cond-expr","locations":[{"start":{"line":42,"column":20},"end":{"line":42,"column":null}},{"start":{"line":43,"column":20},"end":{"line":43,"column":null}}]},"2":{"loc":{"start":{"line":47,"column":15},"end":{"line":47,"column":47}},"type":"binary-expr","locations":[{"start":{"line":47,"column":15},"end":{"line":47,"column":47}}]},"3":{"loc":{"start":{"line":56,"column":7},"end":{"line":56,"column":null}},"type":"binary-expr","locations":[{"start":{"line":56,"column":7},"end":{"line":56,"column":null}}]},"4":{"loc":{"start":{"line":69,"column":20},"end":{"line":71,"column":null}},"type":"cond-expr","locations":[{"start":{"line":70,"column":24},"end":{"line":70,"column":null}},{"start":{"line":71,"column":24},"end":{"line":71,"column":null}}]},"5":{"loc":{"start":{"line":75,"column":21},"end":{"line":75,"column":29}},"type":"binary-expr","locations":[{"start":{"line":75,"column":21},"end":{"line":75,"column":29}}]},"6":{"loc":{"start":{"line":75,"column":61},"end":{"line":75,"column":93}},"type":"binary-expr","locations":[{"start":{"line":75,"column":61},"end":{"line":75,"column":72}},{"start":{"line":75,"column":76},"end":{"line":75,"column":93}}]},"7":{"loc":{"start":{"line":78,"column":19},"end":{"line":78,"column":45}},"type":"binary-expr","locations":[{"start":{"line":78,"column":19},"end":{"line":78,"column":45}}]},"8":{"loc":{"start":{"line":93,"column":12},"end":{"line":93,"column":null}},"type":"if","locations":[{"start":{"line":93,"column":12},"end":{"line":93,"column":null}}]},"9":{"loc":{"start":{"line":94,"column":12},"end":{"line":94,"column":null}},"type":"if","locations":[{"start":{"line":94,"column":12},"end":{"line":94,"column":null}}]}},"s":{"0":0,"1":0,"2":0,"3":0,"4":0,"5":0,"6":0,"7":0,"8":0,"9":0,"10":0,"11":0,"12":0,"13":0,"14":0,"15":0,"16":0,"17":0,"18":0},"f":{"0":0,"1":0,"2":0,"3":0,"4":0,"5":0,"6":0},"b":{"0":[0],"1":[0,0],"2":[0],"3":[0],"4":[0,0],"5":[0],"6":[0,0],"7":[0],"8":[0],"9":[0]}}
,"/Users/janimi847/oss-workspace/containers-directory/apps/web/src/components/ModernHero.tsx": {"path":"/Users/janimi847/oss-workspace/containers-directory/apps/web/src/components/ModernHero.tsx","statementMap":{"0":{"start":{"line":180,"column":0},"end":{"line":180,"column":15}},"1":{"start":{"line":3,"column":43},"end":{"line":3,"column":null}},"2":{"start":{"line":4,"column":18},"end":{"line":4,"column":null}},"3":{"start":{"line":5,"column":23},"end":{"line":5,"column":null}},"4":{"start":{"line":6,"column":36},"end":{"line":6,"column":null}},"5":{"start":{"line":12,"column":46},"end":{"line":178,"column":null}},"6":{"start":{"line":13,"column":40},"end":{"line":13,"column":null}},"7":{"start":{"line":14,"column":44},"end":{"line":19,"column":null}},"8":{"start":{"line":22,"column":24},"end":{"line":25,"column":null}},"9":{"start":{"line":22,"column":62},"end":{"line":25,"column":null}},"10":{"start":{"line":28,"column":25},"end":{"line":28,"column":null}},"11":{"start":{"line":31,"column":2},"end":{"line":54,"column":null}},"12":{"start":{"line":32,"column":21},"end":{"line":32,"column":null}},"13":{"start":{"line":33,"column":18},"end":{"line":33,"column":null}},"14":{"start":{"line":34,"column":21},"end":{"line":34,"column":null}},"15":{"start":{"line":36,"column":20},"end":{"line":49,"column":null}},"16":{"start":{"line":37,"column":20},"end":{"line":37,"column":null}},"17":{"start":{"line":38,"column":24},"end":{"line":38,"column":null}},"18":{"start":{"line":40,"column":20},"end":{"line":48,"column":null}},"19":{"start":{"line":41,"column":8},"end":{"line":41,"column":null}},"20":{"start":{"line":42,"column":8},"end":{"line":47,"column":null}},"21":{"start":{"line":43,"column":10},"end":{"line":43,"column":null}},"22":{"start":{"line":43,"column":36},"end":{"line":43,"column":null}},"23":{"start":{"line":44,"column":10},"end":{"line":44,"column":null}},"24":{"start":{"line":46,"column":10},"end":{"line":46,"column":null}},"25":{"start":{"line":46,"column":36},"end":{"line":46,"column":null}},"26":{"start":{"line":51,"column":4},"end":{"line":53,"column":null}},"27":{"start":{"line":52,"column":6},"end":{"line":52,"column":null}},"28":{"start":{"line":56,"column":23},"end":{"line":59,"column":null}},"29":{"start":{"line":57,"column":4},"end":{"line":57,"column":null}},"30":{"start":{"line":58,"column":4},"end":{"line":58,"column":null}},"31":{"start":{"line":91,"column":31},"end":{"line":91,"column":null}},"32":{"start":{"line":103,"column":14},"end":{"line":104,"column":null}},"33":{"start":{"line":106,"column":18},"end":{"line":106,"column":null}},"34":{"start":{"line":107,"column":18},"end":{"line":107,"column":null}},"35":{"start":{"line":124,"column":14},"end":{"line":125,"column":null}},"36":{"start":{"line":136,"column":35},"end":{"line":136,"column":43}},"37":{"start":{"line":137,"column":20},"end":{"line":137,"column":null}},"38":{"start":{"line":180,"column":15},"end":{"line":180,"column":null}}},"fnMap":{"0":{"name":"(anonymous_5)","decl":{"start":{"line":12,"column":46},"end":{"line":12,"column":47}},"loc":{"start":{"line":12,"column":59},"end":{"line":178,"column":null}}},"1":{"name":"(anonymous_6)","decl":{"start":{"line":22,"column":54},"end":{"line":22,"column":62}},"loc":{"start":{"line":22,"column":62},"end":{"line":25,"column":null}}},"2":{"name":"(anonymous_7)","decl":{"start":{"line":31,"column":12},"end":{"line":31,"column":null}},"loc":{"start":{"line":31,"column":12},"end":{"line":54,"column":5}}},"3":{"name":"(anonymous_8)","decl":{"start":{"line":36,"column":20},"end":{"line":36,"column":21}},"loc":{"start":{"line":36,"column":46},"end":{"line":49,"column":null}}},"4":{"name":"(anonymous_9)","decl":{"start":{"line":40,"column":32},"end":{"line":40,"column":null}},"loc":{"start":{"line":40,"column":32},"end":{"line":48,"column":9}}},"5":{"name":"(anonymous_10)","decl":{"start":{"line":43,"column":27},"end":{"line":43,"column":36}},"loc":{"start":{"line":43,"column":36},"end":{"line":43,"column":null}}},"6":{"name":"(anonymous_11)","decl":{"start":{"line":46,"column":27},"end":{"line":46,"column":36}},"loc":{"start":{"line":46,"column":36},"end":{"line":46,"column":null}}},"7":{"name":"(anonymous_12)","decl":{"start":{"line":51,"column":34},"end":{"line":51,"column":35}},"loc":{"start":{"line":51,"column":47},"end":{"line":53,"column":null}}},"8":{"name":"(anonymous_13)","decl":{"start":{"line":56,"column":23},"end":{"line":56,"column":24}},"loc":{"start":{"line":56,"column":24},"end":{"line":59,"column":null}}},"9":{"name":"(anonymous_14)","decl":{"start":{"line":91,"column":25},"end":{"line":91,"column":31}},"loc":{"start":{"line":91,"column":31},"end":{"line":91,"column":null}}},"10":{"name":"(anonymous_15)","decl":{"start":{"line":102,"column":68},"end":{"line":102,"column":69}},"loc":{"start":{"line":103,"column":14},"end":{"line":104,"column":null}}},"11":{"name":"(anonymous_16)","decl":{"start":{"line":105,"column":25},"end":{"line":105,"column":null}},"loc":{"start":{"line":105,"column":25},"end":{"line":108,"column":null}}},"12":{"name":"(anonymous_17)","decl":{"start":{"line":123,"column":32},"end":{"line":123,"column":33}},"loc":{"start":{"line":124,"column":14},"end":{"line":125,"column":null}}},"13":{"name":"(anonymous_18)","decl":{"start":{"line":135,"column":27},"end":{"line":135,"column":28}},"loc":{"start":{"line":135,"column":28},"end":{"line":138,"column":null}}}},"branchMap":{"0":{"loc":{"start":{"line":42,"column":8},"end":{"line":47,"column":null}},"type":"if","locations":[{"start":{"line":42,"column":8},"end":{"line":47,"column":null}},{"start":{"line":45,"column":15},"end":{"line":47,"column":null}}]}},"s":{"0":0,"1":0,"2":0,"3":0,"4":0,"5":0,"6":0,"7":0,"8":0,"9":0,"10":0,"11":0,"12":0,"13":0,"14":0,"15":0,"16":0,"17":0,"18":0,"19":0,"20":0,"21":0,"22":0,"23":0,"24":0,"25":0,"26":0,"27":0,"28":0,"29":0,"30":0,"31":0,"32":0,"33":0,"34":0,"35":0,"36":0,"37":0,"38":0},"f":{"0":0,"1":0,"2":0,"3":0,"4":0,"5":0,"6":0,"7":0,"8":0,"9":0,"10":0,"11":0,"12":0,"13":0},"b":{"0":[0,0]}}
,"/Users/janimi847/oss-workspace/containers-directory/apps/web/src/components/TabNavigation.tsx": {"path":"/Users/janimi847/oss-workspace/containers-directory/apps/web/src/components/TabNavigation.tsx","statementMap":{"0":{"start":{"line":93,"column":0},"end":{"line":93,"column":15}},"1":{"start":{"line":3,"column":18},"end":{"line":3,"column":null}},"2":{"start":{"line":14,"column":7},"end":{"line":14,"column":null}},"3":{"start":{"line":28,"column":52},"end":{"line":91,"column":null}},"4":{"start":{"line":29,"column":22},"end":{"line":38,"column":null}},"5":{"start":{"line":45,"column":29},"end":{"line":45,"column":49}},"6":{"start":{"line":46,"column":25},"end":{"line":46,"column":33}},"7":{"start":{"line":48,"column":12},"end":{"line":50,"column":null}},"8":{"start":{"line":51,"column":31},"end":{"line":51,"column":null}},"9":{"start":{"line":93,"column":15},"end":{"line":93,"column":null}}},"fnMap":{"0":{"name":"(anonymous_2)","decl":{"start":{"line":28,"column":52},"end":{"line":28,"column":53}},"loc":{"start":{"line":28,"column":79},"end":{"line":91,"column":null}}},"1":{"name":"(anonymous_3)","decl":{"start":{"line":44,"column":20},"end":{"line":44,"column":21}},"loc":{"start":{"line":44,"column":21},"end":{"line":76,"column":null}}},"2":{"name":"(anonymous_4)","decl":{"start":{"line":51,"column":25},"end":{"line":51,"column":31}},"loc":{"start":{"line":51,"column":31},"end":{"line":51,"column":null}}}},"branchMap":{"0":{"loc":{"start":{"line":55,"column":20},"end":{"line":57,"column":null}},"type":"cond-expr","locations":[{"start":{"line":56,"column":22},"end":{"line":56,"column":null}},{"start":{"line":57,"column":22},"end":{"line":57,"column":null}}]},"1":{"loc":{"start":{"line":63,"column":17},"end":{"line":63,"column":null}},"type":"binary-expr","locations":[{"start":{"line":63,"column":17},"end":{"line":63,"column":null}}]},"2":{"loc":{"start":{"line":66,"column":22},"end":{"line":68,"column":null}},"type":"cond-expr","locations":[{"start":{"line":67,"column":24},"end":{"line":67,"column":null}},{"start":{"line":68,"column":24},"end":{"line":68,"column":null}}]}},"s":{"0":0,"1":0,"2":0,"3":0,"4":0,"5":0,"6":0,"7":0,"8":0,"9":0},"f":{"0":0,"1":0,"2":0},"b":{"0":[0,0],"1":[0],"2":[0,0]}}
,"/Users/janimi847/oss-workspace/containers-directory/apps/web/src/components/tabs/AdvisoriesTab.tsx": {"path":"/Users/janimi847/oss-workspace/containers-directory/apps/web/src/components/tabs/AdvisoriesTab.tsx","statementMap":{"0":{"start":{"line":222,"column":0},"end":{"line":222,"column":15}},"1":{"start":{"line":3,"column":18},"end":{"line":3,"column":null}},"2":{"start":{"line":4,"column":70},"end":{"line":4,"column":null}},"3":{"start":{"line":20,"column":52},"end":{"line":220,"column":null}},"4":{"start":{"line":21,"column":27},"end":{"line":56,"column":null}},"5":{"start":{"line":22,"column":4},"end":{"line":55,"column":null}},"6":{"start":{"line":24,"column":8},"end":{"line":30,"column":null}},"7":{"start":{"line":32,"column":8},"end":{"line":38,"column":null}},"8":{"start":{"line":40,"column":8},"end":{"line":46,"column":null}},"9":{"start":{"line":48,"column":8},"end":{"line":54,"column":null}},"10":{"start":{"line":58,"column":2},"end":{"line":119,"column":null}},"11":{"start":{"line":141,"column":25},"end":{"line":141,"column":null}},"12":{"start":{"line":143,"column":10},"end":{"line":145,"column":null}},"13":{"start":{"line":182,"column":26},"end":{"line":182,"column":42}},"14":{"start":{"line":222,"column":15},"end":{"line":222,"column":null}}},"fnMap":{"0":{"name":"(anonymous_2)","decl":{"start":{"line":20,"column":52},"end":{"line":20,"column":53}},"loc":{"start":{"line":20,"column":67},"end":{"line":220,"column":null}}},"1":{"name":"(anonymous_3)","decl":{"start":{"line":21,"column":27},"end":{"line":21,"column":28}},"loc":{"start":{"line":21,"column":28},"end":{"line":56,"column":null}}},"2":{"name":"(anonymous_4)","decl":{"start":{"line":140,"column":24},"end":{"line":140,"column":25}},"loc":{"start":{"line":140,"column":35},"end":{"line":204,"column":null}}},"3":{"name":"(anonymous_5)","decl":{"start":{"line":181,"column":56},"end":{"line":181,"column":57}},"loc":{"start":{"line":182,"column":26},"end":{"line":182,"column":42}}}},"branchMap":{"0":{"loc":{"start":{"line":22,"column":4},"end":{"line":55,"column":null}},"type":"switch","locations":[{"start":{"line":23,"column":6},"end":{"line":30,"column":null}},{"start":{"line":31,"column":6},"end":{"line":38,"column":null}},{"start":{"line":39,"column":6},"end":{"line":46,"column":null}},{"start":{"line":47,"column":6},"end":{"line":54,"column":null}}]},"1":{"loc":{"start":{"line":58,"column":2},"end":{"line":119,"column":null}},"type":"if","locations":[{"start":{"line":58,"column":2},"end":{"line":119,"column":null}}]},"2":{"loc":{"start":{"line":129,"column":51},"end":{"line":129,"column":103}},"type":"cond-expr","locations":[{"start":{"line":129,"column":77},"end":{"line":129,"column":90}},{"start":{"line":129,"column":90},"end":{"line":129,"column":103}}]}},"s":{"0":0,"1":0,"2":0,"3":0,"4":0,"5":0,"6":0,"7":0,"8":0,"9":0,"10":0,"11":0,"12":0,"13":0,"14":0},"f":{"0":0,"1":0,"2":0,"3":0},"b":{"0":[0,0,0,0],"1":[0],"2":[0,0]}}
,"/Users/janimi847/oss-workspace/containers-directory/apps/web/src/components/tabs/ComparisonTab.tsx": {"path":"/Users/janimi847/oss-workspace/containers-directory/apps/web/src/components/tabs/ComparisonTab.tsx","statementMap":{"0":{"start":{"line":231,"column":0},"end":{"line":231,"column":15}},"1":{"start":{"line":3,"column":32},"end":{"line":3,"column":null}},"2":{"start":{"line":4,"column":76},"end":{"line":4,"column":null}},"3":{"start":{"line":10,"column":52},"end":{"line":229,"column":null}},"4":{"start":{"line":11,"column":40},"end":{"line":11,"column":null}},"5":{"start":{"line":13,"column":22},"end":{"line":28,"column":null}},"6":{"start":{"line":30,"column":22},"end":{"line":34,"column":null}},"7":{"start":{"line":46,"column":27},"end":{"line":46,"column":null}},"8":{"start":{"line":231,"column":15},"end":{"line":231,"column":null}}},"fnMap":{"0":{"name":"(anonymous_4)","decl":{"start":{"line":10,"column":52},"end":{"line":10,"column":53}},"loc":{"start":{"line":10,"column":66},"end":{"line":229,"column":null}}},"1":{"name":"(anonymous_5)","decl":{"start":{"line":46,"column":20},"end":{"line":46,"column":21}},"loc":{"start":{"line":46,"column":27},"end":{"line":46,"column":null}}}},"branchMap":{},"s":{"0":0,"1":0,"2":0,"3":0,"4":0,"5":0,"6":0,"7":0,"8":0},"f":{"0":0,"1":0},"b":{}}
,"/Users/janimi847/oss-workspace/containers-directory/apps/web/src/components/tabs/OverviewTab.tsx": {"path":"/Users/janimi847/oss-workspace/containers-directory/apps/web/src/components/tabs/OverviewTab.tsx","statementMap":{"0":{"start":{"line":166,"column":0},"end":{"line":166,"column":15}},"1":{"start":{"line":3,"column":18},"end":{"line":3,"column":null}},"2":{"start":{"line":4,"column":66},"end":{"line":4,"column":null}},"3":{"start":{"line":11,"column":48},"end":{"line":164,"column":null}},"4":{"start":{"line":166,"column":15},"end":{"line":166,"column":null}}},"fnMap":{"0":{"name":"(anonymous_2)","decl":{"start":{"line":11,"column":48},"end":{"line":11,"column":49}},"loc":{"start":{"line":11,"column":58},"end":{"line":164,"column":null}}}},"branchMap":{"0":{"loc":{"start":{"line":92,"column":59},"end":{"line":92,"column":null}},"type":"cond-expr","locations":[{"start":{"line":92,"column":74},"end":{"line":92,"column":97}},{"start":{"line":92,"column":97},"end":{"line":92,"column":null}}]},"1":{"loc":{"start":{"line":96,"column":59},"end":{"line":96,"column":null}},"type":"cond-expr","locations":[{"start":{"line":96,"column":88},"end":{"line":96,"column":109}},{"start":{"line":96,"column":109},"end":{"line":96,"column":null}}]}},"s":{"0":0,"1":0,"2":0,"3":0,"4":0},"f":{"0":0},"b":{"0":[0,0],"1":[0,0]}}
,"/Users/janimi847/oss-workspace/containers-directory/apps/web/src/components/tabs/ProvenanceTab.tsx": {"path":"/Users/janimi847/oss-workspace/containers-directory/apps/web/src/components/tabs/ProvenanceTab.tsx","statementMap":{"0":{"start":{"line":218,"column":0},"end":{"line":218,"column":15}},"1":{"start":{"line":3,"column":18},"end":{"line":3,"column":null}},"2":{"start":{"line":4,"column":83},"end":{"line":4,"column":null}},"3":{"start":{"line":18,"column":52},"end":{"line":216,"column":null}},"4":{"start":{"line":166,"column":27},"end":{"line":166,"column":36}},"5":{"start":{"line":167,"column":14},"end":{"line":168,"column":33}},"6":{"start":{"line":218,"column":15},"end":{"line":218,"column":null}}},"fnMap":{"0":{"name":"(anonymous_2)","decl":{"start":{"line":18,"column":52},"end":{"line":18,"column":53}},"loc":{"start":{"line":18,"column":67},"end":{"line":216,"column":null}}},"1":{"name":"(anonymous_3)","decl":{"start":{"line":165,"column":18},"end":{"line":165,"column":19}},"loc":{"start":{"line":165,"column":25},"end":{"line":183,"column":null}}}},"branchMap":{},"s":{"0":0,"1":0,"2":0,"3":0,"4":0,"5":0,"6":0},"f":{"0":0,"1":0},"b":{}}
,"/Users/janimi847/oss-workspace/containers-directory/apps/web/src/components/tabs/SBOMTab.tsx": {"path":"/Users/janimi847/oss-workspace/containers-directory/apps/web/src/components/tabs/SBOMTab.tsx","statementMap":{"0":{"start":{"line":163,"column":0},"end":{"line":163,"column":15}},"1":{"start":{"line":3,"column":32},"end":{"line":3,"column":null}},"2":{"start":{"line":4,"column":50},"end":{"line":4,"column":null}},"3":{"start":{"line":5,"column":23},"end":{"line":5,"column":null}},"4":{"start":{"line":19,"column":40},"end":{"line":161,"column":null}},"5":{"start":{"line":20,"column":40},"end":{"line":20,"column":null}},"6":{"start":{"line":21,"column":38},"end":{"line":21,"column":null}},"7":{"start":{"line":23,"column":27},"end":{"line":27,"column":null}},"8":{"start":{"line":24,"column":26},"end":{"line":24,"column":null}},"9":{"start":{"line":25,"column":24},"end":{"line":25,"column":null}},"10":{"start":{"line":26,"column":4},"end":{"line":26,"column":null}},"11":{"start":{"line":29,"column":23},"end":{"line":29,"column":null}},"12":{"start":{"line":29,"column":71},"end":{"line":29,"column":85}},"13":{"start":{"line":30,"column":23},"end":{"line":33,"column":null}},"14":{"start":{"line":31,"column":4},"end":{"line":31,"column":null}},"15":{"start":{"line":32,"column":4},"end":{"line":32,"column":null}},"16":{"start":{"line":68,"column":34},"end":{"line":68,"column":64}},"17":{"start":{"line":74,"column":34},"end":{"line":74,"column":68}},"18":{"start":{"line":89,"column":31},"end":{"line":89,"column":null}},"19":{"start":{"line":97,"column":31},"end":{"line":97,"column":null}},"20":{"start":{"line":101,"column":16},"end":{"line":101,"column":35}},"21":{"start":{"line":124,"column":16},"end":{"line":125,"column":null}},"22":{"start":{"line":163,"column":15},"end":{"line":163,"column":null}}},"fnMap":{"0":{"name":"(anonymous_4)","decl":{"start":{"line":19,"column":40},"end":{"line":19,"column":41}},"loc":{"start":{"line":19,"column":53},"end":{"line":161,"column":null}}},"1":{"name":"(anonymous_5)","decl":{"start":{"line":23,"column":43},"end":{"line":23,"column":null}},"loc":{"start":{"line":23,"column":43},"end":{"line":27,"column":null}}},"2":{"name":"(anonymous_6)","decl":{"start":{"line":29,"column":66},"end":{"line":29,"column":71}},"loc":{"start":{"line":29,"column":71},"end":{"line":29,"column":85}}},"3":{"name":"(anonymous_7)","decl":{"start":{"line":30,"column":39},"end":{"line":30,"column":40}},"loc":{"start":{"line":30,"column":45},"end":{"line":33,"column":5}}},"4":{"name":"(anonymous_8)","decl":{"start":{"line":68,"column":29},"end":{"line":68,"column":34}},"loc":{"start":{"line":68,"column":34},"end":{"line":68,"column":64}}},"5":{"name":"(anonymous_9)","decl":{"start":{"line":74,"column":29},"end":{"line":74,"column":34}},"loc":{"start":{"line":74,"column":34},"end":{"line":74,"column":68}}},"6":{"name":"(anonymous_10)","decl":{"start":{"line":89,"column":24},"end":{"line":89,"column":25}},"loc":{"start":{"line":89,"column":31},"end":{"line":89,"column":null}}},"7":{"name":"(anonymous_11)","decl":{"start":{"line":97,"column":24},"end":{"line":97,"column":25}},"loc":{"start":{"line":97,"column":31},"end":{"line":97,"column":null}}},"8":{"name":"(anonymous_12)","decl":{"start":{"line":100,"column":32},"end":{"line":100,"column":null}},"loc":{"start":{"line":101,"column":16},"end":{"line":101,"column":35}}},"9":{"name":"(anonymous_13)","decl":{"start":{"line":123,"column":36},"end":{"line":123,"column":37}},"loc":{"start":{"line":124,"column":16},"end":{"line":125,"column":null}}}},"branchMap":{"0":{"loc":{"start":{"line":25,"column":24},"end":{"line":25,"column":null}},"type":"binary-expr","locations":[{"start":{"line":25,"column":24},"end":{"line":25,"column":48}},{"start":{"line":25,"column":48},"end":{"line":25,"column":null}}]},"1":{"loc":{"start":{"line":26,"column":11},"end":{"line":26,"column":null}},"type":"binary-expr","locations":[{"start":{"line":26,"column":11},"end":{"line":26,"column":28}},{"start":{"line":26,"column":28},"end":{"line":26,"column":null}}]},"2":{"loc":{"start":{"line":31,"column":24},"end":{"line":31,"column":49}},"type":"binary-expr","locations":[{"start":{"line":31,"column":24},"end":{"line":31,"column":40}},{"start":{"line":31,"column":44},"end":{"line":31,"column":49}}]},"3":{"loc":{"start":{"line":102,"column":19},"end":{"line":102,"column":null}},"type":"cond-expr","locations":[{"start":{"line":102,"column":36},"end":{"line":102,"column":50}},{"start":{"line":102,"column":50},"end":{"line":102,"column":null}}]},"4":{"loc":{"start":{"line":146,"column":22},"end":{"line":148,"column":null}},"type":"cond-expr","locations":[{"start":{"line":147,"column":26},"end":{"line":147,"column":null}},{"start":{"line":148,"column":26},"end":{"line":148,"column":null}}]}},"s":{"0":0,"1":0,"2":0,"3":0,"4":0,"5":0,"6":0,"7":0,"8":0,"9":0,"10":0,"11":0,"12":0,"13":0,"14":0,"15":0,"16":0,"17":0,"18":0,"19":0,"20":0,"21":0,"22":0},"f":{"0":0,"1":0,"2":0,"3":0,"4":0,"5":0,"6":0,"7":0,"8":0,"9":0},"b":{"0":[0,0],"1":[0,0],"2":[0,0],"3":[0,0],"4":[0,0]}}
,"/Users/janimi847/oss-workspace/containers-directory/apps/web/src/components/tabs/SpecificationsTab.tsx": {"path":"/Users/janimi847/oss-workspace/containers-directory/apps/web/src/components/tabs/SpecificationsTab.tsx","statementMap":{"0":{"start":{"line":206,"column":0},"end":{"line":206,"column":15}},"1":{"start":{"line":3,"column":18},"end":{"line":3,"column":null}},"2":{"start":{"line":4,"column":71},"end":{"line":4,"column":null}},"3":{"start":{"line":23,"column":60},"end":{"line":204,"column":null}},"4":{"start":{"line":129,"column":20},"end":{"line":129,"column":38}},"5":{"start":{"line":151,"column":14},"end":{"line":151,"column":29}},"6":{"start":{"line":171,"column":14},"end":{"line":171,"column":31}},"7":{"start":{"line":190,"column":14},"end":{"line":190,"column":81}},"8":{"start":{"line":193,"column":14},"end":{"line":193,"column":45}},"9":{"start":{"line":196,"column":14},"end":{"line":196,"column":43}},"10":{"start":{"line":206,"column":15},"end":{"line":206,"column":null}}},"fnMap":{"0":{"name":"(anonymous_2)","decl":{"start":{"line":23,"column":60},"end":{"line":23,"column":61}},"loc":{"start":{"line":23,"column":79},"end":{"line":204,"column":null}}},"1":{"name":"(anonymous_3)","decl":{"start":{"line":128,"column":52},"end":{"line":128,"column":53}},"loc":{"start":{"line":129,"column":20},"end":{"line":129,"column":38}}},"2":{"name":"(anonymous_4)","decl":{"start":{"line":150,"column":57},"end":{"line":150,"column":58}},"loc":{"start":{"line":151,"column":14},"end":{"line":151,"column":29}}},"3":{"name":"(anonymous_5)","decl":{"start":{"line":170,"column":40},"end":{"line":170,"column":41}},"loc":{"start":{"line":171,"column":14},"end":{"line":171,"column":31}}},"4":{"name":"(anonymous_6)","decl":{"start":{"line":189,"column":47},"end":{"line":189,"column":null}},"loc":{"start":{"line":190,"column":14},"end":{"line":190,"column":81}}},"5":{"name":"(anonymous_7)","decl":{"start":{"line":192,"column":41},"end":{"line":192,"column":null}},"loc":{"start":{"line":193,"column":14},"end":{"line":193,"column":45}}},"6":{"name":"(anonymous_8)","decl":{"start":{"line":195,"column":96},"end":{"line":195,"column":97}},"loc":{"start":{"line":196,"column":14},"end":{"line":196,"column":43}}}},"branchMap":{"0":{"loc":{"start":{"line":48,"column":59},"end":{"line":48,"column":null}},"type":"binary-expr","locations":[{"start":{"line":48,"column":59},"end":{"line":48,"column":99}},{"start":{"line":48,"column":99},"end":{"line":48,"column":null}}]},"1":{"loc":{"start":{"line":53,"column":59},"end":{"line":53,"column":null}},"type":"binary-expr","locations":[{"start":{"line":53,"column":59},"end":{"line":53,"column":93}},{"start":{"line":53,"column":93},"end":{"line":53,"column":null}}]},"2":{"loc":{"start":{"line":108,"column":13},"end":{"line":108,"column":38}},"type":"binary-expr","locations":[{"start":{"line":108,"column":13},"end":{"line":108,"column":38}}]},"3":{"loc":{"start":{"line":116,"column":13},"end":{"line":116,"column":31}},"type":"binary-expr","locations":[{"start":{"line":116,"column":13},"end":{"line":116,"column":31}}]},"4":{"loc":{"start":{"line":124,"column":13},"end":{"line":124,"column":41}},"type":"binary-expr","locations":[{"start":{"line":124,"column":13},"end":{"line":124,"column":41}},{"start":{"line":124,"column":45},"end":{"line":124,"column":null}}]},"5":{"loc":{"start":{"line":141,"column":7},"end":{"line":141,"column":30}},"type":"binary-expr","locations":[{"start":{"line":141,"column":7},"end":{"line":141,"column":30}},{"start":{"line":141,"column":34},"end":{"line":141,"column":null}}]},"6":{"loc":{"start":{"line":161,"column":7},"end":{"line":161,"column":29}},"type":"binary-expr","locations":[{"start":{"line":161,"column":7},"end":{"line":161,"column":29}},{"start":{"line":161,"column":33},"end":{"line":161,"column":null}}]},"7":{"loc":{"start":{"line":195,"column":13},"end":{"line":196,"column":null}},"type":"binary-expr","locations":[{"start":{"line":195,"column":13},"end":{"line":195,"column":36}},{"start":{"line":195,"column":40},"end":{"line":196,"column":null}}]}},"s":{"0":0,"1":0,"2":0,"3":0,"4":0,"5":0,"6":0,"7":0,"8":0,"9":0,"10":0},"f":{"0":0,"1":0,"2":0,"3":0,"4":0,"5":0,"6":0},"b":{"0":[0,0],"1":[0,0],"2":[0],"3":[0],"4":[0,0],"5":[0,0],"6":[0,0],"7":[0,0]}}
,"/Users/janimi847/oss-workspace/containers-directory/apps/web/src/components/tabs/TagsTab.tsx": {"path":"/Users/janimi847/oss-workspace/containers-directory/apps/web/src/components/tabs/TagsTab.tsx","statementMap":{"0":{"start":{"line":201,"column":0},"end":{"line":201,"column":15}},"1":{"start":{"line":3,"column":32},"end":{"line":3,"column":null}},"2":{"start":{"line":4,"column":61},"end":{"line":4,"column":null}},"3":{"start":{"line":5,"column":23},"end":{"line":5,"column":null}},"4":{"start":{"line":22,"column":40},"end":{"line":199,"column":null}},"5":{"start":{"line":23,"column":36},"end":{"line":23,"column":null}},"6":{"start":{"line":24,"column":44},"end":{"line":24,"column":null}},"7":{"start":{"line":26,"column":26},"end":{"line":30,"column":null}},"8":{"start":{"line":27,"column":4},"end":{"line":27,"column":null}},"9":{"start":{"line":28,"column":4},"end":{"line":28,"column":null}},"10":{"start":{"line":29,"column":4},"end":{"line":29,"column":null}},"11":{"start":{"line":29,"column":21},"end":{"line":29,"column":41}},"12":{"start":{"line":32,"column":27},"end":{"line":34,"column":null}},"13":{"start":{"line":34,"column":27},"end":{"line":34,"column":null}},"14":{"start":{"line":36,"column":19},"end":{"line":36,"column":null}},"15":{"start":{"line":36,"column":67},"end":{"line":36,"column":76}},"16":{"start":{"line":52,"column":12},"end":{"line":53,"column":null}},"17":{"start":{"line":54,"column":29},"end":{"line":54,"column":null}},"18":{"start":{"line":92,"column":16},"end":{"line":93,"column":null}},"19":{"start":{"line":114,"column":39},"end":{"line":114,"column":null}},"20":{"start":{"line":137,"column":24},"end":{"line":138,"column":null}},"21":{"start":{"line":173,"column":31},"end":{"line":173,"column":null}},"22":{"start":{"line":189,"column":31},"end":{"line":189,"column":null}},"23":{"start":{"line":201,"column":15},"end":{"line":201,"column":null}}},"fnMap":{"0":{"name":"(anonymous_4)","decl":{"start":{"line":22,"column":40},"end":{"line":22,"column":41}},"loc":{"start":{"line":22,"column":64},"end":{"line":199,"column":null}}},"1":{"name":"(anonymous_5)","decl":{"start":{"line":26,"column":26},"end":{"line":26,"column":27}},"loc":{"start":{"line":26,"column":27},"end":{"line":30,"column":null}}},"2":{"name":"(anonymous_6)","decl":{"start":{"line":29,"column":15},"end":{"line":29,"column":21}},"loc":{"start":{"line":29,"column":21},"end":{"line":29,"column":41}}},"3":{"name":"(anonymous_7)","decl":{"start":{"line":34,"column":22},"end":{"line":34,"column":27}},"loc":{"start":{"line":34,"column":27},"end":{"line":34,"column":null}}},"4":{"name":"(anonymous_8)","decl":{"start":{"line":36,"column":62},"end":{"line":36,"column":67}},"loc":{"start":{"line":36,"column":67},"end":{"line":36,"column":76}}},"5":{"name":"(anonymous_9)","decl":{"start":{"line":51,"column":24},"end":{"line":51,"column":null}},"loc":{"start":{"line":52,"column":12},"end":{"line":53,"column":null}}},"6":{"name":"(anonymous_10)","decl":{"start":{"line":54,"column":23},"end":{"line":54,"column":29}},"loc":{"start":{"line":54,"column":29},"end":{"line":54,"column":null}}},"7":{"name":"(anonymous_11)","decl":{"start":{"line":91,"column":36},"end":{"line":91,"column":37}},"loc":{"start":{"line":92,"column":16},"end":{"line":93,"column":null}}},"8":{"name":"(anonymous_12)","decl":{"start":{"line":114,"column":33},"end":{"line":114,"column":39}},"loc":{"start":{"line":114,"column":39},"end":{"line":114,"column":null}}},"9":{"name":"(anonymous_13)","decl":{"start":{"line":136,"column":49},"end":{"line":136,"column":null}},"loc":{"start":{"line":137,"column":24},"end":{"line":138,"column":null}}},"10":{"name":"(anonymous_14)","decl":{"start":{"line":173,"column":25},"end":{"line":173,"column":31}},"loc":{"start":{"line":173,"column":31},"end":{"line":173,"column":null}}},"11":{"name":"(anonymous_15)","decl":{"start":{"line":189,"column":25},"end":{"line":189,"column":31}},"loc":{"start":{"line":189,"column":31},"end":{"line":189,"column":null}}}},"branchMap":{"0":{"loc":{"start":{"line":32,"column":27},"end":{"line":34,"column":null}},"type":"cond-expr","locations":[{"start":{"line":33,"column":6},"end":{"line":33,"column":null}},{"start":{"line":34,"column":6},"end":{"line":34,"column":null}}]},"1":{"loc":{"start":{"line":56,"column":16},"end":{"line":58,"column":null}},"type":"cond-expr","locations":[{"start":{"line":57,"column":20},"end":{"line":57,"column":null}},{"start":{"line":58,"column":20},"end":{"line":58,"column":null}}]},"2":{"loc":{"start":{"line":61,"column":15},"end":{"line":61,"column":null}},"type":"cond-expr","locations":[{"start":{"line":61,"column":35},"end":{"line":61,"column":43}},{"start":{"line":61,"column":43},"end":{"line":61,"column":null}}]},"3":{"loc":{"start":{"line":101,"column":23},"end":{"line":101,"column":38}},"type":"binary-expr","locations":[{"start":{"line":101,"column":23},"end":{"line":101,"column":38}}]},"4":{"loc":{"start":{"line":119,"column":26},"end":{"line":121,"column":27}},"type":"cond-expr","locations":[{"start":{"line":119,"column":26},"end":{"line":121,"column":27}}]},"5":{"loc":{"start":{"line":168,"column":29},"end":{"line":168,"column":null}},"type":"binary-expr","locations":[{"start":{"line":168,"column":29},"end":{"line":168,"column":54}},{"start":{"line":168,"column":54},"end":{"line":168,"column":null}}]},"6":{"loc":{"start":{"line":173,"column":62},"end":{"line":173,"column":134}},"type":"binary-expr","locations":[{"start":{"line":173,"column":62},"end":{"line":173,"column":87}},{"start":{"line":173,"column":87},"end":{"line":173,"column":134}}]},"7":{"loc":{"start":{"line":184,"column":28},"end":{"line":184,"column":null}},"type":"binary-expr","locations":[{"start":{"line":184,"column":28},"end":{"line":184,"column":53}},{"start":{"line":184,"column":53},"end":{"line":184,"column":null}}]},"8":{"loc":{"start":{"line":189,"column":61},"end":{"line":189,"column":133}},"type":"binary-expr","locations":[{"start":{"line":189,"column":61},"end":{"line":189,"column":86}},{"start":{"line":189,"column":86},"end":{"line":189,"column":133}}]}},"s":{"0":0,"1":0,"2":0,"3":0,"4":0,"5":0,"6":0,"7":0,"8":0,"9":0,"10":0,"11":0,"12":0,"13":0,"14":0,"15":0,"16":0,"17":0,"18":0,"19":0,"20":0,"21":0,"22":0,"23":0},"f":{"0":0,"1":0,"2":0,"3":0,"4":0,"5":0,"6":0,"7":0,"8":0,"9":0,"10":0,"11":0},"b":{"0":[0,0],"1":[0,0],"2":[0,0],"3":[0],"4":[0],"5":[0,0],"6":[0,0],"7":[0,0],"8":[0,0]}}
,"/Users/janimi847/oss-workspace/containers-directory/apps/web/src/components/tabs/VulnerabilitiesTab.tsx": {"path":"/Users/janimi847/oss-workspace/containers-directory/apps/web/src/components/tabs/VulnerabilitiesTab.tsx","statementMap":{"0":{"start":{"line":200,"column":0},"end":{"line":200,"column":15}},"1":{"start":{"line":3,"column":18},"end":{"line":3,"column":null}},"2":{"start":{"line":4,"column":70},"end":{"line":4,"column":null}},"3":{"start":{"line":20,"column":62},"end":{"line":198,"column":null}},"4":{"start":{"line":21,"column":27},"end":{"line":59,"column":null}},"5":{"start":{"line":22,"column":4},"end":{"line":58,"column":null}},"6":{"start":{"line":24,"column":8},"end":{"line":29,"column":null}},"7":{"start":{"line":31,"column":8},"end":{"line":36,"column":null}},"8":{"start":{"line":38,"column":8},"end":{"line":43,"column":null}},"9":{"start":{"line":45,"column":8},"end":{"line":50,"column":null}},"10":{"start":{"line":52,"column":8},"end":{"line":57,"column":null}},"11":{"start":{"line":61,"column":24},"end":{"line":66,"column":null}},"12":{"start":{"line":62,"column":42},"end":{"line":62,"column":83}},"13":{"start":{"line":63,"column":38},"end":{"line":63,"column":75}},"14":{"start":{"line":64,"column":40},"end":{"line":64,"column":79}},"15":{"start":{"line":65,"column":37},"end":{"line":65,"column":73}},"16":{"start":{"line":68,"column":2},"end":{"line":111,"column":null}},"17":{"start":{"line":138,"column":25},"end":{"line":138,"column":null}},"18":{"start":{"line":140,"column":10},"end":{"line":142,"column":null}},"19":{"start":{"line":200,"column":15},"end":{"line":200,"column":null}}},"fnMap":{"0":{"name":"(anonymous_2)","decl":{"start":{"line":20,"column":62},"end":{"line":20,"column":63}},"loc":{"start":{"line":20,"column":82},"end":{"line":198,"column":null}}},"1":{"name":"(anonymous_3)","decl":{"start":{"line":21,"column":27},"end":{"line":21,"column":28}},"loc":{"start":{"line":21,"column":28},"end":{"line":59,"column":null}}},"2":{"name":"(anonymous_4)","decl":{"start":{"line":62,"column":37},"end":{"line":62,"column":42}},"loc":{"start":{"line":62,"column":42},"end":{"line":62,"column":83}}},"3":{"name":"(anonymous_5)","decl":{"start":{"line":63,"column":33},"end":{"line":63,"column":38}},"loc":{"start":{"line":63,"column":38},"end":{"line":63,"column":75}}},"4":{"name":"(anonymous_6)","decl":{"start":{"line":64,"column":35},"end":{"line":64,"column":40}},"loc":{"start":{"line":64,"column":40},"end":{"line":64,"column":79}}},"5":{"name":"(anonymous_7)","decl":{"start":{"line":65,"column":32},"end":{"line":65,"column":37}},"loc":{"start":{"line":65,"column":37},"end":{"line":65,"column":73}}},"6":{"name":"(anonymous_8)","decl":{"start":{"line":137,"column":29},"end":{"line":137,"column":30}},"loc":{"start":{"line":137,"column":36},"end":{"line":182,"column":null}}}},"branchMap":{"0":{"loc":{"start":{"line":22,"column":4},"end":{"line":58,"column":null}},"type":"switch","locations":[{"start":{"line":23,"column":6},"end":{"line":29,"column":null}},{"start":{"line":30,"column":6},"end":{"line":36,"column":null}},{"start":{"line":37,"column":6},"end":{"line":43,"column":null}},{"start":{"line":44,"column":6},"end":{"line":50,"column":null}},{"start":{"line":51,"column":6},"end":{"line":57,"column":null}}]},"1":{"loc":{"start":{"line":68,"column":2},"end":{"line":111,"column":null}},"type":"if","locations":[{"start":{"line":68,"column":2},"end":{"line":111,"column":null}}]},"2":{"loc":{"start":{"line":173,"column":27},"end":{"line":173,"column":null}},"type":"binary-expr","locations":[{"start":{"line":173,"column":27},"end":{"line":173,"column":45}},{"start":{"line":173,"column":49},"end":{"line":173,"column":null}}]}},"s":{"0":0,"1":0,"2":0,"3":0,"4":0,"5":0,"6":0,"7":0,"8":0,"9":0,"10":0,"11":0,"12":0,"13":0,"14":0,"15":0,"16":0,"17":0,"18":0,"19":0},"f":{"0":0,"1":0,"2":0,"3":0,"4":0,"5":0,"6":0},"b":{"0":[0,0,0,0,0],"1":[0],"2":[0,0]}}
,"/Users/janimi847/oss-workspace/containers-directory/apps/web/src/components/ui/Badge.tsx": {"path":"/Users/janimi847/oss-workspace/containers-directory/apps/web/src/components/ui/Badge.tsx","statementMap":{"0":{"start":{"line":58,"column":13},"end":{"line":58,"column":18}},"1":{"start":{"line":15,"column":13},"end":{"line":15,"column":24}},"2":{"start":{"line":1,"column":18},"end":{"line":1,"column":null}},"3":{"start":{"line":2,"column":30},"end":{"line":2,"column":null}},"4":{"start":{"line":15,"column":59},"end":{"line":32,"column":null}},"5":{"start":{"line":40,"column":20},"end":{"line":56,"column":null}},"6":{"start":{"line":58,"column":43},"end":{"line":73,"column":null}},"7":{"start":{"line":59,"column":17},"end":{"line":59,"column":34}},"8":{"start":{"line":60,"column":15},"end":{"line":60,"column":26}},"9":{"start":{"line":61,"column":20},"end":{"line":61,"column":37}}},"fnMap":{"0":{"name":"(anonymous_4)","decl":{"start":{"line":58,"column":43},"end":{"line":58,"column":44}},"loc":{"start":{"line":58,"column":81},"end":{"line":73,"column":null}}}},"branchMap":{"0":{"loc":{"start":{"line":58,"column":52},"end":{"line":58,"column":63}},"type":"default-arg","locations":[{"start":{"line":58,"column":59},"end":{"line":58,"column":63}}]},"1":{"loc":{"start":{"line":58,"column":65},"end":{"line":58,"column":79}},"type":"default-arg","locations":[{"start":{"line":58,"column":77},"end":{"line":58,"column":79}}]}},"s":{"0":0,"1":0,"2":0,"3":0,"4":0,"5":0,"6":0,"7":0,"8":0,"9":0},"f":{"0":0},"b":{"0":[0],"1":[0]}}
,"/Users/janimi847/oss-workspace/containers-directory/apps/web/src/components/ui/FilterButton.tsx": {"path":"/Users/janimi847/oss-workspace/containers-directory/apps/web/src/components/ui/FilterButton.tsx","statementMap":{"0":{"start":{"line":16,"column":13},"end":{"line":16,"column":57}},"1":{"start":{"line":1,"column":18},"end":{"line":1,"column":null}},"2":{"start":{"line":16,"column":57},"end":{"line":66,"column":null}},"3":{"start":{"line":27,"column":2},"end":{"line":47,"column":null}}},"fnMap":{"0":{"name":"(anonymous_2)","decl":{"start":{"line":16,"column":57},"end":{"line":16,"column":58}},"loc":{"start":{"line":26,"column":1},"end":{"line":66,"column":null}}}},"branchMap":{"0":{"loc":{"start":{"line":22,"column":2},"end":{"line":22,"column":21}},"type":"default-arg","locations":[{"start":{"line":22,"column":12},"end":{"line":22,"column":21}}]},"1":{"loc":{"start":{"line":23,"column":2},"end":{"line":23,"column":12}},"type":"default-arg","locations":[{"start":{"line":23,"column":10},"end":{"line":23,"column":12}}]},"2":{"loc":{"start":{"line":24,"column":2},"end":{"line":24,"column":9}},"type":"default-arg","locations":[{"start":{"line":24,"column":7},"end":{"line":24,"column":9}}]},"3":{"loc":{"start":{"line":25,"column":2},"end":{"line":25,"column":13}},"type":"default-arg","locations":[{"start":{"line":25,"column":11},"end":{"line":25,"column":13}}]},"4":{"loc":{"start":{"line":27,"column":2},"end":{"line":47,"column":null}},"type":"if","locations":[{"start":{"line":27,"column":2},"end":{"line":47,"column":null}}]},"5":{"loc":{"start":{"line":32,"column":10},"end":{"line":34,"column":null}},"type":"cond-expr","locations":[{"start":{"line":33,"column":14},"end":{"line":33,"column":78}},{"start":{"line":34,"column":14},"end":{"line":34,"column":null}}]},"6":{"loc":{"start":{"line":33,"column":17},"end":{"line":33,"column":37}},"type":"binary-expr","locations":[{"start":{"line":33,"column":17},"end":{"line":33,"column":23}},{"start":{"line":33,"column":23},"end":{"line":33,"column":37}}]},"7":{"loc":{"start":{"line":33,"column":40},"end":{"line":33,"column":68}},"type":"binary-expr","locations":[{"start":{"line":33,"column":40},"end":{"line":33,"column":50}},{"start":{"line":33,"column":50},"end":{"line":33,"column":68}}]},"8":{"loc":{"start":{"line":37,"column":9},"end":{"line":37,"column":17}},"type":"binary-expr","locations":[{"start":{"line":37,"column":9},"end":{"line":37,"column":17}}]},"9":{"loc":{"start":{"line":37,"column":45},"end":{"line":37,"column":71}},"type":"binary-expr","locations":[{"start":{"line":37,"column":45},"end":{"line":37,"column":54}},{"start":{"line":37,"column":54},"end":{"line":37,"column":71}}]},"10":{"loc":{"start":{"line":39,"column":10},"end":{"line":41,"column":null}},"type":"cond-expr","locations":[{"start":{"line":40,"column":14},"end":{"line":40,"column":null}},{"start":{"line":41,"column":14},"end":{"line":41,"column":null}}]},"11":{"loc":{"start":{"line":40,"column":14},"end":{"line":40,"column":null}},"type":"binary-expr","locations":[{"start":{"line":40,"column":14},"end":{"line":40,"column":23}},{"start":{"line":40,"column":23},"end":{"line":40,"column":null}}]},"12":{"loc":{"start":{"line":53,"column":8},"end":{"line":55,"column":null}},"type":"cond-expr","locations":[{"start":{"line":54,"column":12},"end":{"line":54,"column":null}},{"start":{"line":55,"column":12},"end":{"line":55,"column":null}}]},"13":{"loc":{"start":{"line":58,"column":7},"end":{"line":58,"column":15}},"type":"binary-expr","locations":[{"start":{"line":58,"column":7},"end":{"line":58,"column":15}}]},"14":{"loc":{"start":{"line":59,"column":8},"end":{"line":59,"column":null}},"type":"cond-expr","locations":[{"start":{"line":59,"column":21},"end":{"line":59,"column":36}},{"start":{"line":59,"column":36},"end":{"line":59,"column":null}}]}},"s":{"0":0,"1":0,"2":0,"3":0},"f":{"0":0},"b":{"0":[0],"1":[0],"2":[0],"3":[0],"4":[0],"5":[0,0],"6":[0,0],"7":[0,0],"8":[0],"9":[0,0],"10":[0,0],"11":[0,0],"12":[0,0],"13":[0],"14":[0,0]}}
,"/Users/janimi847/oss-workspace/containers-directory/apps/web/src/components/ui/accordion.jsx": {"path":"/Users/janimi847/oss-workspace/containers-directory/apps/web/src/components/ui/accordion.jsx","statementMap":{"0":{"start":{"line":41,"column":9},"end":{"line":41,"column":18}},"1":{"start":{"line":41,"column":53},"end":{"line":41,"column":69}},"2":{"start":{"line":41,"column":20},"end":{"line":41,"column":33}},"3":{"start":{"line":41,"column":35},"end":{"line":41,"column":51}},"4":{"start":{"line":1,"column":23},"end":{"line":1,"column":null}},"5":{"start":{"line":2,"column":36},"end":{"line":2,"column":null}},"6":{"start":{"line":3,"column":28},"end":{"line":3,"column":null}},"7":{"start":{"line":5,"column":19},"end":{"line":5,"column":null}},"8":{"start":{"line":7,"column":18},"end":{"line":7,"column":41}},"9":{"start":{"line":12,"column":0},"end":{"line":12,"column":null}},"10":{"start":{"line":29,"column":0},"end":{"line":29,"column":null}},"11":{"start":{"line":39,"column":0},"end":{"line":39,"column":null}}},"fnMap":{},"branchMap":{},"s":{"0":0,"1":0,"2":0,"3":0,"4":0,"5":0,"6":0,"7":0,"8":0,"9":0,"10":0,"11":0},"f":{},"b":{}}
[...]
ine":79,"column":null}}},"fnMap":{"0":{"name":"useImageFilters","decl":{"start":{"line":9,"column":16},"end":{"line":9,"column":32}},"loc":{"start":{"line":9,"column":86},"end":{"line":80,"column":null}}},"1":{"name":"(anonymous_2)","decl":{"start":{"line":15,"column":33},"end":{"line":15,"column":null}},"loc":{"start":{"line":15,"column":33},"end":{"line":39,"column":5}}},"2":{"name":"(anonymous_3)","decl":{"start":{"line":20,"column":33},"end":{"line":20,"column":40}},"loc":{"start":{"line":20,"column":40},"end":{"line":20,"column":null}}},"3":{"name":"(anonymous_4)","decl":{"start":{"line":25,"column":33},"end":{"line":25,"column":40}},"loc":{"start":{"line":25,"column":40},"end":{"line":25,"column":null}}},"4":{"name":"(anonymous_5)","decl":{"start":{"line":31,"column":33},"end":{"line":31,"column":null}},"loc":{"start":{"line":32,"column":8},"end":{"line":34,"column":null}}},"5":{"name":"(anonymous_6)","decl":{"start":{"line":41,"column":34},"end":{"line":41,"column":null}},"loc":{"start":{"line":41,"column":34},"end":{"line":43,"column":5}}},"6":{"name":"(anonymous_7)","decl":{"start":{"line":48,"column":43},"end":{"line":48,"column":44}},"loc":{"start":{"line":48,"column":44},"end":{"line":51,"column":5}}},"7":{"name":"(anonymous_8)","decl":{"start":{"line":53,"column":40},"end":{"line":53,"column":41}},"loc":{"start":{"line":53,"column":41},"end":{"line":56,"column":5}}},"8":{"name":"(anonymous_9)","decl":{"start":{"line":58,"column":41},"end":{"line":58,"column":42}},"loc":{"start":{"line":58,"column":42},"end":{"line":61,"column":5}}},"9":{"name":"(anonymous_10)","decl":{"start":{"line":63,"column":37},"end":{"line":63,"column":null}},"loc":{"start":{"line":63,"column":37},"end":{"line":65,"column":5}}}},"branchMap":{"0":{"loc":{"start":{"line":9,"column":42},"end":{"line":9,"column":62}},"type":"default-arg","locations":[{"start":{"line":9,"column":60},"end":{"line":9,"column":62}}]},"1":{"loc":{"start":{"line":19,"column":4},"end":{"line":21,"column":null}},"type":"if","locations":[{"start":{"line":19,"column":4},"end":{"line":21,"column":null}}]},"2":{"loc":{"start":{"line":24,"column":4},"end":{"line":26,"column":null}},"type":"if","locations":[{"start":{"line":24,"column":4},"end":{"line":26,"column":null}}]},"3":{"loc":{"start":{"line":29,"column":4},"end":{"line":36,"column":null}},"type":"if","locations":[{"start":{"line":29,"column":4},"end":{"line":36,"column":null}}]},"4":{"loc":{"start":{"line":32,"column":8},"end":{"line":34,"column":null}},"type":"binary-expr","locations":[{"start":{"line":32,"column":8},"end":{"line":32,"column":null}},{"start":{"line":33,"column":8},"end":{"line":33,"column":null}},{"start":{"line":34,"column":8},"end":{"line":34,"column":null}}]},"5":{"loc":{"start":{"line":42,"column":11},"end":{"line":42,"column":null}},"type":"cond-expr","locations":[{"start":{"line":42,"column":27},"end":{"line":42,"column":44}},{"start":{"line":42,"column":44},"end":{"line":42,"column":null}}]}},"s":{"0":0,"1":0,"2":0,"3":0,"4":0,"5":0,"6":0,"7":0,"8":0,"9":0,"10":0,"11":0,"12":0,"13":0,"14":0,"15":0,"16":0,"17":0,"18":0,"19":0,"20":0,"21":0,"22":0,"23":0,"24":0,"25":0,"26":0,"27":0,"28":0,"29":0,"30":0,"31":0,"32":0,"33":0,"34":0},"f":{"0":0,"1":0,"2":0,"3":0,"4":0,"5":0,"6":0,"7":0,"8":0,"9":0},"b":{"0":[0],"1":[0],"2":[0],"3":[0],"4":[0,0,0],"5":[0,0]}}
,"/Users/janimi847/oss-workspace/containers-directory/apps/web/src/lib/utils.ts": {"path":"/Users/janimi847/oss-workspace/containers-directory/apps/web/src/lib/utils.ts","statementMap":{"0":{"start":{"line":7,"column":16},"end":{"line":7,"column":18}},"1":{"start":{"line":56,"column":16},"end":{"line":56,"column":24}},"2":{"start":{"line":14,"column":16},"end":{"line":14,"column":28}},"3":{"start":{"line":21,"column":16},"end":{"line":21,"column":34}},"4":{"start":{"line":48,"column":16},"end":{"line":48,"column":28}},"5":{"start":{"line":1,"column":38},"end":{"line":1,"column":null}},"6":{"start":{"line":2,"column":24},"end":{"line":2,"column":null}},"7":{"start":{"line":8,"column":2},"end":{"line":8,"column":null}},"8":{"start":{"line":15,"column":2},"end":{"line":15,"column":null}},"9":{"start":{"line":22,"column":15},"end":{"line":22,"column":null}},"10":{"start":{"line":23,"column":14},"end":{"line":23,"column":null}},"11":{"start":{"line":24,"column":24},"end":{"line":24,"column":null}},"12":{"start":{"line":26,"column":20},"end":{"line":33,"column":null}},"13":{"start":{"line":35,"column":2},"end":{"line":40,"column":null}},"14":{"start":{"line":36,"column":21},"end":{"line":36,"column":null}},"15":{"start":{"line":37,"column":4},"end":{"line":39,"column":null}},"16":{"start":{"line":38,"column":6},"end":{"line":38,"column":null}},"17":{"start":{"line":42,"column":2},"end":{"line":42,"column":null}},"18":{"start":{"line":49,"column":2},"end":{"line":49,"column":null}},"19":{"start":{"line":49,"column":32},"end":{"line":49,"column":null}},"20":{"start":{"line":50,"column":2},"end":{"line":50,"column":null}},"21":{"start":{"line":62,"column":2},"end":{"line":70,"column":null}},"22":{"start":{"line":63,"column":18},"end":{"line":66,"column":null}},"23":{"start":{"line":64,"column":6},"end":{"line":64,"column":null}},"24":{"start":{"line":65,"column":6},"end":{"line":65,"column":null}},"25":{"start":{"line":68,"column":4},"end":{"line":68,"column":null}},"26":{"start":{"line":69,"column":4},"end":{"line":69,"column":null}}},"fnMap":{"0":{"name":"cn","decl":{"start":{"line":7,"column":16},"end":{"line":7,"column":18}},"loc":{"start":{"line":7,"column":42},"end":{"line":9,"column":null}}},"1":{"name":"formatNumber","decl":{"start":{"line":14,"column":16},"end":{"line":14,"column":28}},"loc":{"start":{"line":14,"column":40},"end":{"line":16,"column":null}}},"2":{"name":"formatRelativeTime","decl":{"start":{"line":21,"column":16},"end":{"line":21,"column":34}},"loc":{"start":{"line":21,"column":53},"end":{"line":43,"column":null}}},"3":{"name":"truncateText","decl":{"start":{"line":48,"column":16},"end":{"line":48,"column":28}},"loc":{"start":{"line":48,"column":60},"end":{"line":51,"column":null}}},"4":{"name":"debounce","decl":{"start":{"line":56,"column":16},"end":{"line":56,"column":24}},"loc":{"start":{"line":58,"column":14},"end":{"line":71,"column":null}}},"5":{"name":"executedFunction","decl":{"start":{"line":62,"column":18},"end":{"line":62,"column":35}},"loc":{"start":{"line":62,"column":57},"end":{"line":70,"column":null}}},"6":{"name":"(anonymous_12)","decl":{"start":{"line":63,"column":18},"end":{"line":63,"column":null}},"loc":{"start":{"line":63,"column":18},"end":{"line":66,"column":null}}}},"branchMap":{"0":{"loc":{"start":{"line":37,"column":4},"end":{"line":39,"column":null}},"type":"if","locations":[{"start":{"line":37,"column":4},"end":{"line":39,"column":null}}]},"1":{"loc":{"start":{"line":38,"column":35},"end":{"line":38,"column":59}},"type":"cond-expr","locations":[{"start":{"line":38,"column":50},"end":{"line":38,"column":56}},{"start":{"line":38,"column":56},"end":{"line":38,"column":59}}]},"2":{"loc":{"start":{"line":49,"column":2},"end":{"line":49,"column":null}},"type":"if","locations":[{"start":{"line":49,"column":2},"end":{"line":49,"column":null}}]}},"s":{"0":0,"1":0,"2":0,"3":0,"4":0,"5":0,"6":0,"7":0,"8":0,"9":0,"10":0,"11":0,"12":0,"13":0,"14":0,"15":0,"16":0,"17":0,"18":0,"19":0,"20":0,"21":0,"22":0,"23":0,"24":0,"25":0,"26":0},"f":{"0":0,"1":0,"2":0,"3":0,"4":0,"5":0,"6":0},"b":{"0":[0],"1":[0,0],"2":[0]}}
,"/Users/janimi847/oss-workspace/containers-directory/apps/web/src/providers/index.tsx": {"path":"/Users/janimi847/oss-workspace/containers-directory/apps/web/src/providers/index.tsx","statementMap":{"0":{"start":{"line":14,"column":16},"end":{"line":14,"column":26}},"1":{"start":{"line":3,"column":18},"end":{"line":3,"column":null}},"2":{"start":{"line":4,"column":30},"end":{"line":4,"column":null}}},"fnMap":{"0":{"name":"Providers","decl":{"start":{"line":14,"column":16},"end":{"line":14,"column":26}},"loc":{"start":{"line":14,"column":54},"end":{"line":20,"column":null}}}},"branchMap":{},"s":{"0":0,"1":0,"2":0},"f":{"0":0},"b":{}}
,"/Users/janimi847/oss-workspace/containers-directory/apps/web/src/services/api.client.ts": {"path":"/Users/janimi847/oss-workspace/containers-directory/apps/web/src/services/api.client.ts","statementMap":{"0":{"start":{"line":87,"column":13},"end":{"line":87,"column":25}},"1":{"start":{"line":1,"column":69},"end":{"line":1,"column":null}},"2":{"start":{"line":2,"column":20},"end":{"line":2,"column":null}},"3":{"start":{"line":12,"column":4},"end":{"line":18,"column":null}},"4":{"start":{"line":20,"column":4},"end":{"line":20,"column":null}},"5":{"start":{"line":25,"column":4},"end":{"line":34,"column":null}},"6":{"start":{"line":27,"column":8},"end":{"line":29,"column":null}},"7":{"start":{"line":28,"column":10},"end":{"line":28,"column":null}},"8":{"start":{"line":30,"column":8},"end":{"line":30,"column":null}},"9":{"start":{"line":33,"column":8},"end":{"line":33,"column":null}},"10":{"start":{"line":38,"column":4},"end":{"line":47,"column":null}},"11":{"start":{"line":40,"column":8},"end":{"line":42,"column":null}},"12":{"start":{"line":41,"column":10},"end":{"line":41,"column":null}},"13":{"start":{"line":43,"column":8},"end":{"line":43,"column":null}},"14":{"start":{"line":46,"column":8},"end":{"line":46,"column":null}},"15":{"start":{"line":52,"column":4},"end":{"line":61,"column":null}},"16":{"start":{"line":54,"column":6},"end":{"line":54,"column":null}},"17":{"start":{"line":55,"column":11},"end":{"line":61,"column":null}},"18":{"start":{"line":57,"column":6},"end":{"line":57,"column":null}},"19":{"start":{"line":60,"column":6},"end":{"line":60,"column":null}},"20":{"start":{"line":62,"column":4},"end":{"line":62,"column":null}},"21":{"start":{"line":66,"column":21},"end":{"line":66,"column":null}},"22":{"start":{"line":67,"column":4},"end":{"line":67,"column":null}},"23":{"start":{"line":71,"column":21},"end":{"line":71,"column":null}},"24":{"start":{"line":72,"column":4},"end":{"line":72,"column":null}},"25":{"start":{"line":76,"column":21},"end":{"line":76,"column":null}},"26":{"start":{"line":77,"column":4},"end":{"line":77,"column":null}},"27":{"start":{"line":81,"column":21},"end":{"line":81,"column":null}},"28":{"start":{"line":82,"column":4},"end":{"line":82,"column":null}},"29":{"start":{"line":87,"column":25},"end":{"line":87,"column":null}}},"fnMap":{"0":{"name":"(anonymous_2)","decl":{"start":{"line":11,"column":2},"end":{"line":11,"column":16}},"loc":{"start":{"line":11,"column":16},"end":{"line":21,"column":null}}},"1":{"name":"(anonymous_3)","decl":{"start":{"line":23,"column":10},"end":{"line":23,"column":30}},"loc":{"start":{"line":23,"column":30},"end":{"line":49,"column":null}}},"2":{"name":"(anonymous_4)","decl":{"start":{"line":26,"column":6},"end":{"line":26,"column":7}},"loc":{"start":{"line":26,"column":7},"end":{"line":31,"column":null}}},"3":{"name":"(anonymous_5)","decl":{"start":{"line":32,"column":6},"end":{"line":32,"column":7}},"loc":{"start":{"line":32,"column":7},"end":{"line":34,"column":null}}},"4":{"name":"(anonymous_6)","decl":{"start":{"line":39,"column":6},"end":{"line":39,"column":7}},"loc":{"start":{"line":39,"column":7},"end":{"line":44,"column":null}}},"5":{"name":"(anonymous_7)","decl":{"start":{"line":45,"column":6},"end":{"line":45,"column":7}},"loc":{"start":{"line":45,"column":7},"end":{"line":47,"column":null}}},"6":{"name":"(anonymous_8)","decl":{"start":{"line":51,"column":10},"end":{"line":51,"column":22}},"loc":{"start":{"line":51,"column":41},"end":{"line":63,"column":null}}},"7":{"name":"(anonymous_9)","decl":{"start":{"line":65,"column":2},"end":{"line":65,"column":8}},"loc":{"start":{"line":65,"column":69},"end":{"line":68,"column":null}}},"8":{"name":"(anonymous_10)","decl":{"start":{"line":70,"column":2},"end":{"line":70,"column":8}},"loc":{"start":{"line":70,"column":82},"end":{"line":73,"column":null}}},"9":{"name":"(anonymous_11)","decl":{"start":{"line":75,"column":2},"end":{"line":75,"column":8}},"loc":{"start":{"line":75,"column":81},"end":{"line":78,"column":null}}},"10":{"name":"(anonymous_12)","decl":{"start":{"line":80,"column":2},"end":{"line":80,"column":8}},"loc":{"start":{"line":80,"column":72},"end":{"line":83,"column":null}}}},"branchMap":{"0":{"loc":{"start":{"line":27,"column":8},"end":{"line":29,"column":null}},"type":"if","locations":[{"start":{"line":27,"column":8},"end":{"line":29,"column":null}}]},"1":{"loc":{"start":{"line":40,"column":8},"end":{"line":42,"column":null}},"type":"if","locations":[{"start":{"line":40,"column":8},"end":{"line":42,"column":null}}]},"2":{"loc":{"start":{"line":52,"column":4},"end":{"line":61,"column":null}},"type":"if","locations":[{"start":{"line":52,"column":4},"end":{"line":61,"column":null}},{"start":{"line":55,"column":11},"end":{"line":61,"column":null}}]},"3":{"loc":{"start":{"line":55,"column":11},"end":{"line":61,"column":null}},"type":"if","locations":[{"start":{"line":55,"column":11},"end":{"line":61,"column":null}},{"start":{"line":58,"column":11},"end":{"line":61,"column":null}}]}},"s":{"0":0,"1":0,"2":0,"3":0,"4":0,"5":0,"6":0,"7":0,"8":0,"9":0,"10":0,"11":0,"12":0,"13":0,"14":0,"15":0,"16":0,"17":0,"18":0,"19":0,"20":0,"21":0,"22":0,"23":0,"24":0,"25":0,"26":0,"27":0,"28":0,"29":0},"f":{"0":0,"1":0,"2":0,"3":0,"4":0,"5":0,"6":0,"7":0,"8":0,"9":0,"10":0},"b":{"0":[0],"1":[0],"2":[0,0],"3":[0,0]}}
,"/Users/janimi847/oss-workspace/containers-directory/apps/web/src/services/image.service.ts": {"path":"/Users/janimi847/oss-workspace/containers-directory/apps/web/src/services/image.service.ts","statementMap":{"0":{"start":{"line":65,"column":13},"end":{"line":65,"column":28}},"1":{"start":{"line":1,"column":26},"end":{"line":1,"column":null}},"2":{"start":{"line":33,"column":24},"end":{"line":33,"column":null}},"3":{"start":{"line":35,"column":4},"end":{"line":37,"column":null}},"4":{"start":{"line":36,"column":6},"end":{"line":36,"column":null}},"5":{"start":{"line":38,"column":4},"end":{"line":40,"column":null}},"6":{"start":{"line":39,"column":6},"end":{"line":39,"column":null}},"7":{"start":{"line":41,"column":4},"end":{"line":43,"column":null}},"8":{"start":{"line":42,"column":6},"end":{"line":42,"column":null}},"9":{"start":{"line":44,"column":4},"end":{"line":46,"column":null}},"10":{"start":{"line":45,"column":6},"end":{"line":45,"column":null}},"11":{"start":{"line":48,"column":16},"end":{"line":48,"column":60}},"12":{"start":{"line":49,"column":4},"end":{"line":49,"column":null}},"13":{"start":{"line":53,"column":4},"end":{"line":53,"column":null}},"14":{"start":{"line":57,"column":4},"end":{"line":57,"column":null}},"15":{"start":{"line":61,"column":4},"end":{"line":61,"column":null}},"16":{"start":{"line":25,"column":10},"end":{"line":25,"column":null}},"17":{"start":{"line":65,"column":28},"end":{"line":65,"column":null}}},"fnMap":{"0":{"name":"(anonymous_1)","decl":{"start":{"line":27,"column":2},"end":{"line":27,"column":8}},"loc":{"start":{"line":32,"column":33},"end":{"line":50,"column":null}}},"1":{"name":"(anonymous_2)","decl":{"start":{"line":52,"column":2},"end":{"line":52,"column":8}},"loc":{"start":{"line":52,"column":59},"end":{"line":54,"column":null}}},"2":{"name":"(anonymous_3)","decl":{"start":{"line":56,"column":2},"end":{"line":56,"column":8}},"loc":{"start":{"line":56,"column":53},"end":{"line":58,"column":null}}},"3":{"name":"(anonymous_4)","decl":{"start":{"line":60,"column":2},"end":{"line":60,"column":8}},"loc":{"start":{"line":60,"column":43},"end":{"line":62,"column":null}}}},"branchMap":{"0":{"loc":{"start":{"line":35,"column":4},"end":{"line":37,"column":null}},"type":"if","locations":[{"start":{"line":35,"column":4},"end":{"line":37,"column":null}}]},"1":{"loc":{"start":{"line":35,"column":8},"end":{"line":35,"column":55}},"type":"binary-expr","locations":[{"start":{"line":35,"column":8},"end":{"line":35,"column":28}},{"start":{"line":35,"column":28},"end":{"line":35,"column":55}}]},"2":{"loc":{"start":{"line":38,"column":4},"end":{"line":40,"column":null}},"type":"if","locations":[{"start":{"line":38,"column":4},"end":{"line":40,"column":null}}]},"3":{"loc":{"start":{"line":41,"column":4},"end":{"line":43,"column":null}},"type":"if","locations":[{"start":{"line":41,"column":4},"end":{"line":43,"column":null}}]},"4":{"loc":{"start":{"line":44,"column":4},"end":{"line":46,"column":null}},"type":"if","locations":[{"start":{"line":44,"column":4},"end":{"line":46,"column":null}}]}},"s":{"0":0,"1":0,"2":0,"3":0,"4":0,"5":0,"6":0,"7":0,"8":0,"9":0,"10":0,"11":0,"12":0,"13":0,"14":0,"15":0,"16":0,"17":0},"f":{"0":0,"1":0,"2":0,"3":0},"b":{"0":[0],"1":[0,0],"2":[0],"3":[0],"4":[0]}}
,"/Users/janimi847/oss-workspace/containers-directory/apps/web/src/utils/image.utils.ts": {"path":"/Users/janimi847/oss-workspace/containers-directory/apps/web/src/utils/image.utils.ts","statementMap":{"0":{"start":{"line":16,"column":13},"end":{"line":16,"column":28}},"1":{"start":{"line":39,"column":13},"end":{"line":39,"column":31}},"2":{"start":{"line":32,"column":13},"end":{"line":32,"column":33}},"3":{"start":{"line":8,"column":13},"end":{"line":8,"column":29}},"4":{"start":{"line":8,"column":32},"end":{"line":11,"column":null}},"5":{"start":{"line":9,"column":17},"end":{"line":9,"column":25}},"6":{"start":{"line":10,"column":2},"end":{"line":10,"column":null}},"7":{"start":{"line":16,"column":31},"end":{"line":27,"column":null}},"8":{"start":{"line":17,"column":16},"end":{"line":17,"column":null}},"9":{"start":{"line":18,"column":13},"end":{"line":18,"column":null}},"10":{"start":{"line":19,"column":18},"end":{"line":19,"column":null}},"11":{"start":{"line":21,"column":2},"end":{"line":24,"column":null}},"12":{"start":{"line":22,"column":4},"end":{"line":22,"column":null}},"13":{"start":{"line":23,"column":4},"end":{"line":23,"column":null}},"14":{"start":{"line":26,"column":2},"end":{"line":26,"column":null}},"15":{"start":{"line":32,"column":36},"end":{"line":34,"column":null}},"16":{"start":{"line":33,"column":2},"end":{"line":33,"column":null}},"17":{"start":{"line":39,"column":34},"end":{"line":42,"column":null}},"18":{"start":{"line":41,"column":2},"end":{"line":41,"column":null}}},"fnMap":{"0":{"name":"(anonymous_5)","decl":{"start":{"line":8,"column":32},"end":{"line":8,"column":33}},"loc":{"start":{"line":8,"column":33},"end":{"line":11,"column":null}}},"1":{"name":"(anonymous_6)","decl":{"start":{"line":16,"column":31},"end":{"line":16,"column":32}},"loc":{"start":{"line":16,"column":32},"end":{"line":27,"column":null}}},"2":{"name":"(anonymous_7)","decl":{"start":{"line":32,"column":36},"end":{"line":32,"column":37}},"loc":{"start":{"line":32,"column":78},"end":{"line":34,"column":null}}},"3":{"name":"(anonymous_8)","decl":{"start":{"line":39,"column":34},"end":{"line":39,"column":35}},"loc":{"start":{"line":39,"column":35},"end":{"line":42,"column":null}}}},"branchMap":{"0":{"loc":{"start":{"line":21,"column":9},"end":{"line":21,"column":55}},"type":"binary-expr","locations":[{"start":{"line":21,"column":9},"end":{"line":21,"column":25}},{"start":{"line":21,"column":25},"end":{"line":21,"column":55}}]},"1":{"loc":{"start":{"line":32,"column":56},"end":{"line":32,"column":78}},"type":"default-arg","locations":[{"start":{"line":32,"column":70},"end":{"line":32,"column":78}}]}},"s":{"0":0,"1":0,"2":0,"3":0,"4":0,"5":0,"6":0,"7":0,"8":0,"9":0,"10":0,"11":0,"12":0,"13":0,"14":0,"15":0,"16":0,"17":0,"18":0},"f":{"0":0,"1":0,"2":0,"3":0},"b":{"0":[0,0],"1":[0]}}
,"/Users/janimi847/oss-workspace/containers-directory/apps/web/src/utils/index.ts": {"path":"/Users/janimi847/oss-workspace/containers-directory/apps/web/src/utils/index.ts","statementMap":{"0":{"start":{"line":6,"column":9},"end":{"line":6,"column":19}},"1":{"start":{"line":5,"column":14},"end":{"line":5,"column":null}},"2":{"start":{"line":6,"column":19},"end":{"line":6,"column":null}}},"fnMap":{},"branchMap":{},"s":{"0":0,"1":0,"2":0},"f":{},"b":{}}
}
