TN:
SF:src/app/apple-icon.tsx
FN:12,AppleIcon
FNF:1
FNH:0
FNDA:0,AppleIcon
DA:1,0
DA:4,0
DA:9,0
DA:12,0
DA:13,0
LF:5
LH:0
BRF:0
BRH:0
end_of_record
TN:
SF:src/app/icon.tsx
FN:12,Icon
FNF:1
FNH:0
FNDA:0,Icon
DA:1,0
DA:4,0
DA:9,0
DA:12,0
DA:13,0
LF:5
LH:0
BRF:0
BRH:0
end_of_record
TN:
SF:src/app/layout.tsx
FN:39,RootLayout
FNF:1
FNH:0
FNDA:0,RootLayout
DA:2,0
DA:3,0
DA:4,0
DA:5,0
DA:7,0
DA:13,0
DA:39,0
LF:7
LH:0
BRF:0
BRH:0
end_of_record
TN:
SF:src/app/not-found.tsx
FN:7,NotFound
FNF:1
FNH:0
FNDA:0,NotFound
DA:1,0
DA:2,0
DA:3,0
DA:4,0
DA:5,0
DA:7,0
LF:6
LH:0
BRF:0
BRH:0
end_of_record
TN:
SF:src/app/page.tsx
FN:17,HomePage
FN:71,(anonymous_6)
FN:85,(anonymous_7)
FN:96,(anonymous_8)
FN:112,(anonymous_9)
FN:118,(anonymous_10)
FN:148,(anonymous_11)
FNF:7
FNH:0
FNDA:0,HomePage
FNDA:0,(anonymous_6)
FNDA:0,(anonymous_7)
FNDA:0,(anonymous_8)
FNDA:0,(anonymous_9)
FNDA:0,(anonymous_10)
FNDA:0,(anonymous_11)
DA:3,0
DA:4,0
DA:5,0
DA:6,0
DA:7,0
DA:8,0
DA:9,0
DA:10,0
DA:11,0
DA:12,0
DA:13,0
DA:14,0
DA:17,0
DA:18,0
DA:31,0
DA:72,0
DA:73,0
DA:85,0
DA:96,0
DA:113,0
DA:119,0
DA:149,0
DA:150,0
LF:23
LH:0
BRDA:63,0,0,0
BRDA:63,0,1,0
BRDA:69,1,0,0
BRDA:69,1,1,0
BRDA:87,2,0,0
BRDA:87,2,1,0
BRDA:98,3,0,0
BRDA:98,3,1,0
BRDA:111,4,0,0
BRDA:125,5,0,0
BRDA:138,6,0,0
BRF:11
BRH:0
end_of_record
TN:
SF:src/app/image/[name]/page.tsx
FN:23,ImageDetailPage
FN:26,(anonymous_6)
FN:39,(anonymous_7)
FN:41,(anonymous_8)
FN:206,(anonymous_9)
FN:217,(anonymous_10)
FN:221,(anonymous_11)
FNF:7
FNH:0
FNDA:0,ImageDetailPage
FNDA:0,(anonymous_6)
FNDA:0,(anonymous_7)
FNDA:0,(anonymous_8)
FNDA:0,(anonymous_9)
FNDA:0,(anonymous_10)
FNDA:0,(anonymous_11)
DA:3,0
DA:5,0
DA:6,0
DA:7,0
DA:8,0
DA:9,0
DA:10,0
DA:11,0
DA:12,0
DA:13,0
DA:14,0
DA:15,0
DA:16,0
DA:17,0
DA:18,0
DA:19,0
DA:20,0
DA:21,0
DA:23,0
DA:24,0
DA:25,0
DA:26,0
DA:28,0
DA:29,0
DA:32,0
DA:33,0
DA:34,0
DA:35,0
DA:36,0
DA:37,0
DA:39,0
DA:41,0
DA:42,0
DA:44,0
DA:45,0
DA:46,0
DA:47,0
DA:48,0
DA:49,0
DA:50,0
DA:52,0
DA:53,0
DA:54,0
DA:57,0
DA:97,0
DA:98,0
DA:101,0
DA:102,0
DA:103,0
DA:106,0
DA:166,0
DA:167,0
DA:168,0
DA:170,0
DA:172,0
DA:184,0
DA:196,0
DA:199,0
DA:206,0
DA:217,0
DA:218,0
DA:219,0
DA:220,0
DA:221,0
LF:64
LH:0
BRDA:42,0,0,0
BRDA:42,0,1,0
BRDA:52,1,0,0
BRDA:52,1,1,0
BRDA:97,2,0,0
BRDA:101,3,0,0
BRDA:101,3,1,0
BRDA:166,4,0,0
BRDA:167,5,0,0
BRDA:168,6,0,0
BRDA:199,7,0,0
BRDA:296,8,0,0
BRDA:325,9,0,0
BRDA:325,9,1,0
BRDA:326,10,0,0
BRDA:326,10,1,0
BRDA:334,11,0,0
BRDA:335,12,0,0
BRDA:336,13,0,0
BRDA:336,13,1,0
BRDA:337,14,0,0
BRDA:337,14,1,0
BRDA:345,15,0,0
BRDA:345,15,1,0
BRDA:346,16,0,0
BRDA:346,16,1,0
BRDA:354,17,0,0
BRDA:354,17,1,0
BRDA:355,18,0,0
BRDA:355,18,1,0
BRDA:363,19,0,0
BRDA:364,20,0,0
BRF:32
BRH:0
end_of_record
TN:
SF:src/components/CleanImageCard.tsx
FN:14,(anonymous_2)
FNF:1
FNH:0
FNDA:0,(anonymous_2)
DA:3,0
DA:4,0
DA:5,0
DA:7,0
DA:8,0
DA:14,0
DA:78,0
LF:7
LH:0
BRDA:53,0,0,0
BRF:1
BRH:0
end_of_record
TN:
SF:src/components/ErrorBoundary.tsx
FN:18,(anonymous_4)
FN:37,(anonymous_5)
FN:26,(anonymous_6)
FN:33,(anonymous_7)
FN:44,(anonymous_8)
FN:70,(anonymous_9)
FNF:6
FNH:0
FNDA:0,(anonymous_4)
FNDA:0,(anonymous_5)
FNDA:0,(anonymous_6)
FNDA:0,(anonymous_7)
FNDA:0,(anonymous_8)
FNDA:0,(anonymous_9)
DA:3,0
DA:4,0
DA:5,0
DA:17,0
DA:19,0
DA:20,0
DA:27,0
DA:34,0
DA:38,0
DA:45,0
DA:46,0
DA:47,0
DA:70,0
DA:82,0
LF:14
LH:0
BRDA:45,0,0,0
BRDA:46,1,0,0
BRDA:60,2,0,0
BRDA:60,2,1,0
BRF:4
BRH:0
end_of_record
TN:
SF:src/components/Footer.tsx
FN:5,(anonymous_2)
FNF:1
FNH:0
FNDA:0,(anonymous_2)
DA:1,0
DA:2,0
DA:3,0
DA:5,0
DA:6,0
DA:213,0
LF:6
LH:0
BRF:0
BRH:0
end_of_record
TN:
SF:src/components/Header.tsx
FN:8,(anonymous_5)
FN:12,(anonymous_6)
FN:13,(anonymous_7)
FN:17,(anonymous_8)
FN:94,(anonymous_9)
FN:110,(anonymous_10)
FN:117,(anonymous_11)
FN:124,(anonymous_12)
FN:131,(anonymous_13)
FN:139,(anonymous_14)
FN:145,(anonymous_15)
FNF:11
FNH:0
FNDA:0,(anonymous_5)
FNDA:0,(anonymous_6)
FNDA:0,(anonymous_7)
FNDA:0,(anonymous_8)
FNDA:0,(anonymous_9)
FNDA:0,(anonymous_10)
FNDA:0,(anonymous_11)
FNDA:0,(anonymous_12)
FNDA:0,(anonymous_13)
FNDA:0,(anonymous_14)
FNDA:0,(anonymous_15)
DA:3,0
DA:4,0
DA:5,0
DA:6,0
DA:8,0
DA:9,0
DA:10,0
DA:12,0
DA:13,0
DA:14,0
DA:16,0
DA:17,0
DA:94,0
DA:110,0
DA:117,0
DA:124,0
DA:131,0
DA:139,0
DA:145,0
DA:158,0
LF:20
LH:0
BRDA:23,0,0,0
BRDA:23,0,1,0
BRDA:97,1,0,0
BRDA:105,2,0,0
BRF:4
BRH:0
end_of_record
TN:
SF:src/components/Loading.tsx
FN:8,(anonymous_5)
FN:26,(anonymous_6)
FN:41,(anonymous_7)
FN:44,(anonymous_8)
FNF:4
FNH:0
FNDA:0,(anonymous_5)
FNDA:0,(anonymous_6)
FNDA:0,(anonymous_7)
FNDA:0,(anonymous_8)
DA:1,0
DA:8,0
DA:12,0
DA:26,0
DA:41,0
DA:45,0
LF:6
LH:0
BRDA:9,0,0,0
BRDA:10,1,0,0
BRDA:12,2,0,0
BRDA:12,2,1,0
BRDA:41,3,0,0
BRF:5
BRH:0
end_of_record
TN:
SF:src/components/ModernCategoryFilter.tsx
FN:16,(anonymous_2)
FN:25,(anonymous_3)
FN:36,(anonymous_4)
FN:39,(anonymous_5)
FN:62,(anonymous_6)
FN:67,(anonymous_7)
FN:91,(anonymous_8)
FNF:7
FNH:0
FNDA:0,(anonymous_2)
FNDA:0,(anonymous_3)
FNDA:0,(anonymous_4)
FNDA:0,(anonymous_5)
FNDA:0,(anonymous_6)
FNDA:0,(anonymous_7)
FNDA:0,(anonymous_8)
DA:3,0
DA:4,0
DA:5,0
DA:6,0
DA:16,0
DA:23,0
DA:25,0
DA:37,0
DA:39,0
DA:63,0
DA:64,0
DA:67,0
DA:92,0
DA:93,0
DA:94,0
DA:105,0
LF:16
LH:0
BRDA:19,0,0,0
BRDA:41,1,0,0
BRDA:41,1,1,0
BRDA:47,2,0,0
BRDA:56,3,0,0
BRDA:69,4,0,0
BRDA:69,4,1,0
BRDA:75,5,0,0
BRDA:75,6,0,0
BRDA:75,6,1,0
BRDA:78,7,0,0
BRDA:93,8,0,0
BRDA:94,9,0,0
BRF:13
BRH:0
end_of_record
TN:
SF:src/components/ModernHero.tsx
FN:12,(anonymous_5)
FN:22,(anonymous_6)
FN:31,(anonymous_7)
FN:36,(anonymous_8)
FN:40,(anonymous_9)
FN:43,(anonymous_10)
FN:46,(anonymous_11)
FN:51,(anonymous_12)
FN:56,(anonymous_13)
FN:91,(anonymous_14)
FN:102,(anonymous_15)
FN:105,(anonymous_16)
FN:123,(anonymous_17)
FN:135,(anonymous_18)
FNF:14
FNH:0
FNDA:0,(anonymous_5)
FNDA:0,(anonymous_6)
FNDA:0,(anonymous_7)
FNDA:0,(anonymous_8)
FNDA:0,(anonymous_9)
FNDA:0,(anonymous_10)
FNDA:0,(anonymous_11)
FNDA:0,(anonymous_12)
FNDA:0,(anonymous_13)
FNDA:0,(anonymous_14)
FNDA:0,(anonymous_15)
FNDA:0,(anonymous_16)
FNDA:0,(anonymous_17)
FNDA:0,(anonymous_18)
DA:3,0
DA:4,0
DA:5,0
DA:6,0
DA:12,0
DA:13,0
DA:14,0
DA:22,0
DA:28,0
DA:31,0
DA:32,0
DA:33,0
DA:34,0
DA:36,0
DA:37,0
DA:38,0
DA:40,0
DA:41,0
DA:42,0
DA:43,0
DA:44,0
DA:46,0
DA:51,0
DA:52,0
DA:56,0
DA:57,0
DA:58,0
DA:91,0
DA:103,0
DA:106,0
DA:107,0
DA:124,0
DA:136,0
DA:137,0
DA:180,0
LF:35
LH:0
BRDA:42,0,0,0
BRDA:42,0,1,0
BRF:2
BRH:0
end_of_record
TN:
SF:src/components/TabNavigation.tsx
FN:28,(anonymous_2)
FN:44,(anonymous_3)
FN:51,(anonymous_4)
FNF:3
FNH:0
FNDA:0,(anonymous_2)
FNDA:0,(anonymous_3)
FNDA:0,(anonymous_4)
DA:3,0
DA:14,0
DA:28,0
DA:29,0
DA:45,0
DA:46,0
DA:48,0
DA:51,0
DA:93,0
LF:9
LH:0
BRDA:55,0,0,0
BRDA:55,0,1,0
BRDA:63,1,0,0
BRDA:66,2,0,0
BRDA:66,2,1,0
BRF:5
BRH:0
end_of_record
TN:
SF:src/components/tabs/AdvisoriesTab.tsx
FN:20,(anonymous_2)
FN:21,(anonymous_3)
FN:140,(anonymous_4)
FN:181,(anonymous_5)
FNF:4
FNH:0
FNDA:0,(anonymous_2)
FNDA:0,(anonymous_3)
FNDA:0,(anonymous_4)
FNDA:0,(anonymous_5)
DA:3,0
DA:4,0
DA:20,0
DA:21,0
DA:22,0
DA:24,0
DA:32,0
DA:40,0
DA:48,0
DA:58,0
DA:141,0
DA:143,0
DA:182,0
DA:222,0
LF:14
LH:0
BRDA:22,0,0,0
BRDA:22,0,1,0
BRDA:22,0,2,0
BRDA:22,0,3,0
BRDA:58,1,0,0
BRDA:129,2,0,0
BRDA:129,2,1,0
BRF:7
BRH:0
end_of_record
TN:
SF:src/components/tabs/ComparisonTab.tsx
FN:10,(anonymous_4)
FN:46,(anonymous_5)
FNF:2
FNH:0
FNDA:0,(anonymous_4)
FNDA:0,(anonymous_5)
DA:3,0
DA:4,0
DA:10,0
DA:11,0
DA:13,0
DA:30,0
DA:46,0
DA:231,0
LF:8
LH:0
BRF:0
BRH:0
end_of_record
TN:
SF:src/components/tabs/OverviewTab.tsx
FN:11,(anonymous_2)
FNF:1
FNH:0
FNDA:0,(anonymous_2)
DA:3,0
DA:4,0
DA:11,0
DA:166,0
LF:4
LH:0
BRDA:92,0,0,0
BRDA:92,0,1,0
BRDA:96,1,0,0
BRDA:96,1,1,0
BRF:4
BRH:0
end_of_record
TN:
SF:src/components/tabs/ProvenanceTab.tsx
FN:18,(anonymous_2)
FN:165,(anonymous_3)
FNF:2
FNH:0
FNDA:0,(anonymous_2)
FNDA:0,(anonymous_3)
DA:3,0
DA:4,0
DA:18,0
DA:166,0
DA:167,0
DA:218,0
LF:6
LH:0
BRF:0
BRH:0
end_of_record
TN:
SF:src/components/tabs/SBOMTab.tsx
FN:19,(anonymous_4)
FN:23,(anonymous_5)
FN:29,(anonymous_6)
FN:30,(anonymous_7)
FN:68,(anonymous_8)
FN:74,(anonymous_9)
FN:89,(anonymous_10)
FN:97,(anonymous_11)
FN:100,(anonymous_12)
FN:123,(anonymous_13)
FNF:10
FNH:0
FNDA:0,(anonymous_4)
FNDA:0,(anonymous_5)
FNDA:0,(anonymous_6)
FNDA:0,(anonymous_7)
FNDA:0,(anonymous_8)
FNDA:0,(anonymous_9)
FNDA:0,(anonymous_10)
FNDA:0,(anonymous_11)
FNDA:0,(anonymous_12)
FNDA:0,(anonymous_13)
DA:3,0
DA:4,0
DA:5,0
DA:19,0
DA:20,0
DA:21,0
DA:23,0
DA:24,0
DA:25,0
DA:26,0
DA:29,0
DA:30,0
DA:31,0
DA:32,0
DA:68,0
DA:74,0
DA:89,0
DA:97,0
DA:101,0
DA:124,0
DA:163,0
LF:21
LH:0
BRDA:25,0,0,0
BRDA:25,0,1,0
BRDA:26,1,0,0
BRDA:26,1,1,0
BRDA:31,2,0,0
BRDA:31,2,1,0
BRDA:102,3,0,0
BRDA:102,3,1,0
BRDA:146,4,0,0
BRDA:146,4,1,0
BRF:10
BRH:0
end_of_record
TN:
SF:src/components/tabs/SpecificationsTab.tsx
FN:23,(anonymous_2)
FN:128,(anonymous_3)
FN:150,(anonymous_4)
FN:170,(anonymous_5)
FN:189,(anonymous_6)
FN:192,(anonymous_7)
FN:195,(anonymous_8)
FNF:7
FNH:0
FNDA:0,(anonymous_2)
FNDA:0,(anonymous_3)
FNDA:0,(anonymous_4)
FNDA:0,(anonymous_5)
FNDA:0,(anonymous_6)
FNDA:0,(anonymous_7)
FNDA:0,(anonymous_8)
DA:3,0
DA:4,0
DA:23,0
DA:129,0
DA:151,0
DA:171,0
DA:190,0
DA:193,0
DA:196,0
DA:206,0
LF:10
LH:0
BRDA:48,0,0,0
BRDA:48,0,1,0
BRDA:53,1,0,0
BRDA:53,1,1,0
BRDA:108,2,0,0
BRDA:116,3,0,0
BRDA:124,4,0,0
BRDA:124,4,1,0
BRDA:141,5,0,0
BRDA:141,5,1,0
BRDA:161,6,0,0
BRDA:161,6,1,0
BRDA:195,7,0,0
BRDA:195,7,1,0
BRF:14
BRH:0
end_of_record
TN:
SF:src/components/tabs/TagsTab.tsx
FN:22,(anonymous_4)
FN:26,(anonymous_5)
FN:29,(anonymous_6)
FN:34,(anonymous_7)
FN:36,(anonymous_8)
FN:51,(anonymous_9)
FN:54,(anonymous_10)
FN:91,(anonymous_11)
FN:114,(anonymous_12)
FN:136,(anonymous_13)
FN:173,(anonymous_14)
FN:189,(anonymous_15)
FNF:12
FNH:0
FNDA:0,(anonymous_4)
FNDA:0,(anonymous_5)
FNDA:0,(anonymous_6)
FNDA:0,(anonymous_7)
FNDA:0,(anonymous_8)
FNDA:0,(anonymous_9)
FNDA:0,(anonymous_10)
FNDA:0,(anonymous_11)
FNDA:0,(anonymous_12)
FNDA:0,(anonymous_13)
FNDA:0,(anonymous_14)
FNDA:0,(anonymous_15)
DA:3,0
DA:4,0
DA:5,0
DA:22,0
DA:23,0
DA:24,0
DA:26,0
DA:27,0
DA:28,0
DA:29,0
DA:32,0
DA:34,0
DA:36,0
DA:52,0
DA:54,0
DA:92,0
DA:114,0
DA:137,0
DA:173,0
DA:189,0
DA:201,0
LF:21
LH:0
BRDA:32,0,0,0
BRDA:32,0,1,0
BRDA:56,1,0,0
BRDA:56,1,1,0
BRDA:61,2,0,0
BRDA:61,2,1,0
BRDA:101,3,0,0
BRDA:119,4,0,0
BRDA:168,5,0,0
BRDA:168,5,1,0
BRDA:173,6,0,0
BRDA:173,6,1,0
BRDA:184,7,0,0
BRDA:184,7,1,0
BRDA:189,8,0,0
BRDA:189,8,1,0
BRF:16
BRH:0
end_of_record
TN:
SF:src/components/tabs/VulnerabilitiesTab.tsx
FN:20,(anonymous_2)
FN:21,(anonymous_3)
FN:62,(anonymous_4)
FN:63,(anonymous_5)
FN:64,(anonymous_6)
FN:65,(anonymous_7)
FN:137,(anonymous_8)
FNF:7
FNH:0
FNDA:0,(anonymous_2)
FNDA:0,(anonymous_3)
FNDA:0,(anonymous_4)
FNDA:0,(anonymous_5)
FNDA:0,(anonymous_6)
FNDA:0,(anonymous_7)
FNDA:0,(anonymous_8)
DA:3,0
DA:4,0
DA:20,0
DA:21,0
DA:22,0
DA:24,0
DA:31,0
DA:38,0
DA:45,0
DA:52,0
DA:61,0
DA:62,0
DA:63,0
DA:64,0
DA:65,0
DA:68,0
DA:138,0
DA:140,0
DA:200,0
LF:19
LH:0
BRDA:22,0,0,0
BRDA:22,0,1,0
BRDA:22,0,2,0
BRDA:22,0,3,0
BRDA:22,0,4,0
BRDA:68,1,0,0
BRDA:173,2,0,0
BRDA:173,2,1,0
BRF:8
BRH:0
end_of_record
TN:
SF:src/components/ui/Badge.tsx
FN:58,(anonymous_4)
FNF:1
FNH:0
FNDA:0,(anonymous_4)
DA:1,0
DA:2,0
DA:15,0
DA:40,0
DA:58,0
DA:59,0
DA:60,0
DA:61,0
LF:8
LH:0
BRDA:58,0,0,0
BRDA:58,1,0,0
BRF:2
BRH:0
end_of_record
TN:
SF:src/components/ui/FilterButton.tsx
FN:16,(anonymous_2)
FNF:1
FNH:0
FNDA:0,(anonymous_2)
DA:1,0
DA:16,0
DA:27,0
LF:3
LH:0
BRDA:22,0,0,0
BRDA:23,1,0,0
BRDA:24,2,0,0
BRDA:25,3,0,0
BRDA:27,4,0,0
BRDA:32,5,0,0
BRDA:32,5,1,0
BRDA:33,6,0,0
BRDA:33,6,1,0
BRDA:33,7,0,0
BRDA:33,7,1,0
BRDA:37,8,0,0
BRDA:37,9,0,0
BRDA:37,9,1,0
BRDA:39,10,0,0
BRDA:39,10,1,0
BRDA:40,11,0,0
BRDA:40,11,1,0
BRDA:53,12,0,0
BRDA:53,12,1,0
BRDA:58,13,0,0
BRDA:59,14,0,0
BRDA:59,14,1,0
BRF:23
BRH:0
end_of_record
TN:
SF:src/components/ui/accordion.jsx
FNF:0
FNH:0
DA:1,0
DA:2,0
DA:3,0
DA:5,0
DA:7,0
DA:12,0
DA:29,0
DA:39,0
DA:41,0
LF:9
LH:0
BRF:0
BRH:0
end_of_record
TN:
SF:src/components/ui/alert-dialog.jsx
FNF:0
FNH:0
DA:1,0
DA:2,0
DA:4,0
DA:5,0
DA:7,0
DA:9,0
DA:11,0
DA:22,0
DA:36,0
DA:46,0
DA:56,0
DA:61,0
DA:69,0
DA:75,0
DA:83,0
DA:86,0
DA:87,0
DA:88,0
DA:89,0
DA:90,0
DA:91,0
DA:92,0
DA:93,0
DA:94,0
DA:95,0
DA:96,0
LF:26
LH:0
BRF:0
BRH:0
end_of_record
TN:
SF:src/components/ui/alert.jsx
FNF:0
FNH:0
DA:1,0
DA:2,0
DA:4,0
DA:6,0
DA:29,0
DA:37,0
DA:45,0
DA:47,0
LF:8
LH:0
BRF:0
BRH:0
end_of_record
TN:
SF:src/components/ui/aspect-ratio.jsx
FNF:0
FNH:0
DA:1,0
DA:3,0
DA:5,0
LF:3
LH:0
BRF:0
BRH:0
end_of_record
TN:
SF:src/components/ui/avatar.jsx
FNF:0
FNH:0
DA:1,0
DA:2,0
DA:4,0
DA:12,0
DA:20,0
DA:31,0
DA:33,0
LF:7
LH:0
BRF:0
BRH:0
end_of_record
TN:
SF:src/components/ui/badge.jsx
FN:26,Badge
FNF:1
FNH:0
FNDA:0,Badge
DA:1,0
DA:2,0
DA:4,0
DA:6,0
DA:34,0
LF:5
LH:0
BRF:0
BRH:0
end_of_record
TN:
SF:src/components/ui/breadcrumb.jsx
FN:31,(anonymous_14)
FNF:1
FNH:0
FNDA:0,(anonymous_14)
DA:1,0
DA:2,0
DA:3,0
DA:5,0
DA:10,0
DA:21,0
DA:29,0
DA:31,0
DA:32,0
DA:41,0
DA:52,0
DA:67,0
DA:82,0
DA:85,0
DA:86,0
DA:87,0
DA:88,0
DA:89,0
DA:90,0
DA:91,0
LF:20
LH:0
BRDA:32,0,0,0
BRDA:32,0,1,0
BRDA:64,1,0,0
BRDA:64,1,1,0
BRF:4
BRH:0
end_of_record
TN:
SF:src/components/ui/button.jsx
FN:37,(anonymous_6)
FNF:1
FNH:0
FNDA:0,(anonymous_6)
DA:1,0
DA:2,0
DA:3,0
DA:5,0
DA:7,0
DA:37,0
DA:38,0
DA:46,0
DA:48,0
LF:9
LH:0
BRDA:37,0,0,0
BRDA:38,1,0,0
BRDA:38,1,1,0
BRF:3
BRH:0
end_of_record
TN:
SF:src/components/ui/calendar.jsx
FN:8,Calendar
FNF:1
FNH:0
FNDA:0,Calendar
DA:1,0
DA:2,0
DA:3,0
DA:5,0
DA:6,0
DA:69,0
DA:71,0
LF:7
LH:0
BRDA:11,0,0,0
BRDA:37,1,0,0
BRDA:37,1,1,0
BRF:3
BRH:0
end_of_record
TN:
SF:src/components/ui/card.jsx
FNF:0
FNH:0
DA:1,0
DA:3,0
DA:11,0
DA:19,0
DA:27,0
DA:35,0
DA:40,0
DA:48,0
DA:50,0
LF:9
LH:0
BRF:0
BRH:0
end_of_record
TN:
SF:src/components/ui/carousel.jsx
FN:10,useCarousel
FN:20,(anonymous_11)
FN:39,(anonymous_12)
FN:48,(anonymous_13)
FN:52,(anonymous_14)
FN:56,(anonymous_15)
FN:66,(anonymous_16)
FN:74,(anonymous_17)
FN:83,(anonymous_18)
FN:115,(anonymous_19)
FN:133,(anonymous_20)
FN:151,(anonymous_21)
FN:172,(anonymous_22)
FNF:13
FNH:0
FNDA:0,useCarousel
FNDA:0,(anonymous_11)
FNDA:0,(anonymous_12)
FNDA:0,(anonymous_13)
FNDA:0,(anonymous_14)
FNDA:0,(anonymous_15)
FNDA:0,(anonymous_16)
FNDA:0,(anonymous_17)
FNDA:0,(anonymous_18)
FNDA:0,(anonymous_19)
FNDA:0,(anonymous_20)
FNDA:0,(anonymous_21)
FNDA:0,(anonymous_22)
DA:1,0
DA:2,0
DA:3,0
DA:5,0
DA:6,0
DA:8,0
DA:11,0
DA:13,0
DA:14,0
DA:17,0
DA:20,0
DA:32,0
DA:36,0
DA:37,0
DA:39,0
DA:40,0
DA:41,0
DA:44,0
DA:45,0
DA:48,0
DA:49,0
DA:52,0
DA:53,0
DA:56,0
DA:57,0
DA:58,0
DA:59,0
DA:60,0
DA:61,0
DA:62,0
DA:66,0
DA:67,0
DA:68,0
DA:71,0
DA:74,0
DA:75,0
DA:76,0
DA:79,0
DA:80,0
DA:81,0
DA:83,0
DA:84,0
DA:113,0
DA:115,0
DA:116,0
DA:131,0
DA:133,0
DA:134,0
DA:149,0
DA:151,0
DA:152,0
DA:170,0
DA:172,0
DA:173,0
DA:191,0
DA:193,0
LF:56
LH:0
BRDA:13,0,0,0
BRDA:22,1,0,0
BRDA:34,2,0,0
BRDA:34,2,1,0
BRDA:40,3,0,0
BRDA:57,4,0,0
BRDA:57,4,1,0
BRDA:60,5,0,0
BRDA:67,6,0,0
BRDA:67,7,0,0
BRDA:67,7,1,0
BRDA:75,8,0,0
BRDA:95,9,0,0
BRDA:95,9,1,0
BRDA:95,10,0,0
BRDA:95,10,1,0
BRDA:124,11,0,0
BRDA:124,11,1,0
BRDA:143,12,0,0
BRDA:143,12,1,0
BRDA:151,13,0,0
BRDA:151,14,0,0
BRDA:159,15,0,0
BRDA:159,15,1,0
BRDA:172,16,0,0
BRDA:172,17,0,0
BRDA:180,18,0,0
BRDA:180,18,1,0
BRF:28
BRH:0
end_of_record
TN:
SF:src/components/ui/checkbox.jsx
FNF:0
FNH:0
DA:1,0
DA:2,0
DA:3,0
DA:5,0
DA:20,0
DA:22,0
LF:6
LH:0
BRF:0
BRH:0
end_of_record
TN:
SF:src/components/ui/collapsible.jsx
FNF:0
FNH:0
DA:1,0
DA:3,0
DA:5,0
DA:7,0
DA:9,0
LF:5
LH:0
BRF:0
BRH:0
end_of_record
TN:
SF:src/components/ui/command.jsx
FN:19,(anonymous_14)
FN:94,(anonymous_21)
FNF:2
FNH:0
FNDA:0,(anonymous_14)
FNDA:0,(anonymous_21)
DA:1,0
DA:2,0
DA:3,0
DA:5,0
DA:6,0
DA:17,0
DA:19,0
DA:48,0
DA:57,0
DA:63,0
DA:75,0
DA:80,0
DA:92,0
DA:94,0
DA:104,0
DA:107,0
DA:108,0
DA:109,0
DA:110,0
DA:111,0
DA:112,0
DA:113,0
DA:114,0
DA:115,0
LF:24
LH:0
BRF:0
BRH:0
end_of_record
TN:
SF:src/components/ui/context-menu.jsx
FN:128,(anonymous_27)
FNF:1
FNH:0
FNDA:0,(anonymous_27)
DA:1,0
DA:2,0
DA:3,0
DA:5,0
DA:7,0
DA:9,0
DA:11,0
DA:13,0
DA:15,0
DA:17,0
DA:32,0
DA:43,0
DA:56,0
DA:68,0
DA:87,0
DA:106,0
DA:118,0
DA:126,0
DA:128,0
DA:138,0
DA:141,0
DA:142,0
DA:143,0
DA:144,0
DA:145,0
DA:146,0
DA:147,0
DA:148,0
DA:149,0
DA:150,0
DA:151,0
DA:152,0
DA:153,0
DA:154,0
DA:155,0
LF:35
LH:0
BRDA:24,0,0,0
BRDA:24,0,1,0
BRDA:63,1,0,0
BRDA:63,1,1,0
BRDA:113,2,0,0
BRDA:113,2,1,0
BRF:6
BRH:0
end_of_record
TN:
SF:src/components/ui/dialog.jsx
FNF:0
FNH:0
DA:1,0
DA:2,0
DA:3,0
DA:5,0
DA:7,0
DA:9,0
DA:11,0
DA:13,0
DA:24,0
DA:45,0
DA:55,0
DA:65,0
DA:73,0
DA:81,0
DA:84,0
DA:85,0
DA:86,0
DA:87,0
DA:88,0
DA:89,0
DA:90,0
DA:91,0
DA:92,0
DA:93,0
LF:24
LH:0
BRF:0
BRH:0
end_of_record
TN:
SF:src/components/ui/drawer.jsx
FNF:0
FNH:0
DA:1,0
DA:2,0
DA:4,0
DA:12,0
DA:14,0
DA:16,0
DA:18,0
DA:26,0
DA:43,0
DA:53,0
DA:61,0
DA:69,0
DA:77,0
DA:80,0
DA:81,0
DA:82,0
DA:83,0
DA:84,0
DA:85,0
DA:86,0
DA:87,0
DA:88,0
DA:89,0
LF:23
LH:0
BRDA:7,0,0,0
BRF:1
BRH:0
end_of_record
TN:
SF:src/components/ui/dropdown-menu.jsx
FN:128,(anonymous_27)
FNF:1
FNH:0
FNDA:0,(anonymous_27)
DA:1,0
DA:2,0
DA:3,0
DA:5,0
DA:7,0
DA:9,0
DA:11,0
DA:13,0
DA:15,0
DA:17,0
DA:32,0
DA:44,0
DA:60,0
DA:72,0
DA:91,0
DA:110,0
DA:118,0
DA:126,0
DA:128,0
DA:138,0
DA:141,0
DA:142,0
DA:143,0
DA:144,0
DA:145,0
DA:146,0
DA:147,0
DA:148,0
DA:149,0
DA:150,0
DA:151,0
DA:152,0
DA:153,0
DA:154,0
DA:155,0
LF:35
LH:0
BRDA:24,0,0,0
BRDA:24,0,1,0
BRDA:47,1,0,0
BRDA:67,2,0,0
BRDA:67,2,1,0
BRDA:115,3,0,0
BRDA:115,3,1,0
BRF:7
BRH:0
end_of_record
TN:
SF:src/components/ui/form.jsx
FN:12,(anonymous_12)
FN:24,(anonymous_13)
FN:49,(anonymous_14)
FN:60,(anonymous_15)
FN:73,(anonymous_16)
FN:91,(anonymous_17)
FN:104,(anonymous_18)
FNF:7
FNH:0
FNDA:0,(anonymous_12)
FNDA:0,(anonymous_13)
FNDA:0,(anonymous_14)
FNDA:0,(anonymous_15)
FNDA:0,(anonymous_16)
FNDA:0,(anonymous_17)
FNDA:0,(anonymous_18)
DA:1,0
DA:2,0
DA:3,0
DA:5,0
DA:6,0
DA:8,0
DA:10,0
DA:12,0
DA:24,0
DA:25,0
DA:26,0
DA:27,0
DA:29,0
DA:31,0
DA:32,0
DA:35,0
DA:37,0
DA:47,0
DA:49,0
DA:50,0
DA:58,0
DA:60,0
DA:61,0
DA:71,0
DA:73,0
DA:74,0
DA:89,0
DA:91,0
DA:92,0
DA:102,0
DA:104,0
DA:105,0
DA:106,0
DA:108,0
DA:109,0
DA:122,0
DA:125,0
DA:126,0
DA:127,0
DA:128,0
DA:129,0
DA:130,0
DA:131,0
DA:132,0
LF:44
LH:0
BRDA:31,0,0,0
BRDA:66,1,0,0
BRDA:66,1,1,0
BRDA:81,2,0,0
BRDA:81,2,1,0
BRDA:106,3,0,0
BRDA:106,3,1,0
BRDA:106,4,0,0
BRDA:106,4,1,0
BRDA:108,5,0,0
BRF:10
BRH:0
end_of_record
TN:
SF:src/components/ui/hover-card.jsx
FNF:0
FNH:0
DA:1,0
DA:2,0
DA:4,0
DA:6,0
DA:8,0
DA:21,0
DA:23,0
LF:7
LH:0
BRDA:10,0,0,0
BRDA:10,1,0,0
BRF:2
BRH:0
end_of_record
TN:
SF:src/components/ui/index.ts
FNF:0
FNH:0
DA:1,0
DA:3,0
LF:2
LH:0
BRF:0
BRH:0
end_of_record
TN:
SF:src/components/ui/input-otp.jsx
FN:21,(anonymous_10)
FNF:1
FNH:0
FNDA:0,(anonymous_10)
DA:1,0
DA:2,0
DA:3,0
DA:5,0
DA:14,0
DA:19,0
DA:21,0
DA:22,0
DA:23,0
DA:44,0
DA:51,0
DA:53,0
LF:12
LH:0
BRDA:30,0,0,0
BRDA:30,0,1,0
BRDA:35,1,0,0
BRF:3
BRH:0
end_of_record
TN:
SF:src/components/ui/input.jsx
FN:5,(anonymous_4)
FNF:1
FNH:0
FNDA:0,(anonymous_4)
DA:1,0
DA:3,0
DA:5,0
DA:17,0
DA:19,0
LF:5
LH:0
BRF:0
BRH:0
end_of_record
TN:
SF:src/components/ui/label.jsx
FNF:0
FNH:0
DA:1,0
DA:2,0
DA:3,0
DA:5,0
DA:7,0
DA:14,0
DA:16,0
LF:7
LH:0
BRF:0
BRH:0
end_of_record
TN:
SF:src/components/ui/menubar.jsx
FN:7,MenubarMenu
FN:13,MenubarGroup
FN:19,MenubarPortal
FN:25,MenubarRadioGroup
FN:31,MenubarSub
FN:169,(anonymous_35)
FNF:6
FNH:0
FNDA:0,MenubarMenu
FNDA:0,MenubarGroup
FNDA:0,MenubarPortal
FNDA:0,MenubarRadioGroup
FNDA:0,MenubarSub
FNDA:0,(anonymous_35)
DA:1,0
DA:2,0
DA:3,0
DA:5,0
DA:46,0
DA:57,0
DA:72,0
DA:83,0
DA:102,0
DA:114,0
DA:133,0
DA:151,0
DA:159,0
DA:167,0
DA:169,0
DA:179,0
DA:182,0
DA:183,0
DA:184,0
DA:185,0
DA:186,0
DA:187,0
DA:188,0
DA:189,0
DA:190,0
DA:191,0
DA:192,0
DA:193,0
DA:194,0
DA:195,0
DA:196,0
DA:197,0
LF:32
LH:0
BRDA:64,0,0,0
BRDA:64,0,1,0
BRDA:86,1,0,0
BRDA:86,2,0,0
BRDA:86,3,0,0
BRDA:109,4,0,0
BRDA:109,4,1,0
BRDA:156,5,0,0
BRDA:156,5,1,0
BRF:9
BRH:0
end_of_record
TN:
SF:src/components/ui/navigation-menu.jsx
FNF:0
FNH:0
DA:1,0
DA:2,0
DA:3,0
DA:4,0
DA:6,0
DA:20,0
DA:31,0
DA:33,0
DA:35,0
DA:50,0
DA:61,0
DA:63,0
DA:76,0
DA:91,0
DA:95,0
DA:96,0
DA:97,0
DA:98,0
DA:99,0
DA:100,0
DA:101,0
DA:102,0
DA:103,0
LF:23
LH:0
BRF:0
BRH:0
end_of_record
TN:
SF:src/components/ui/pagination.jsx
FNF:0
FNH:0
DA:1,0
DA:2,0
DA:4,0
DA:5,0
DA:17,0
DA:25,0
DA:30,0
DA:46,0
DA:61,0
DA:76,0
DA:90,0
DA:93,0
DA:94,0
DA:95,0
DA:96,0
DA:97,0
DA:98,0
DA:99,0
LF:18
LH:0
BRDA:35,0,0,0
BRDA:39,1,0,0
BRDA:39,1,1,0
BRDA:41,2,0,0
BRDA:41,2,1,0
BRF:5
BRH:0
end_of_record
TN:
SF:src/components/ui/popover.jsx
FNF:0
FNH:0
DA:1,0
DA:2,0
DA:4,0
DA:6,0
DA:8,0
DA:10,0
DA:25,0
DA:27,0
LF:8
LH:0
BRDA:12,0,0,0
BRDA:12,1,0,0
BRF:2
BRH:0
end_of_record
TN:
SF:src/components/ui/progress.jsx
FNF:0
FNH:0
DA:1,0
DA:2,0
DA:4,0
DA:19,0
DA:21,0
LF:5
LH:0
BRDA:16,0,0,0
BRDA:16,0,1,0
BRF:2
BRH:0
end_of_record
TN:
SF:src/components/ui/radio-group.jsx
FN:7,(anonymous_6)
FN:12,(anonymous_7)
FNF:2
FNH:0
FNDA:0,(anonymous_6)
FNDA:0,(anonymous_7)
DA:1,0
DA:2,0
DA:3,0
DA:5,0
DA:7,0
DA:10,0
DA:12,0
DA:27,0
DA:29,0
LF:9
LH:0
BRF:0
BRH:0
end_of_record
TN:
SF:src/components/ui/resizable.jsx
FNF:0
FNH:0
DA:1,0
DA:2,0
DA:4,0
DA:18,0
DA:40,0
LF:5
LH:0
BRDA:31,0,0,0
BRF:1
BRH:0
end_of_record
TN:
SF:src/components/ui/scroll-area.jsx
FNF:0
FNH:0
DA:1,0
DA:2,0
DA:4,0
DA:18,0
DA:36,0
DA:38,0
LF:6
LH:0
BRDA:20,0,0,0
BRDA:26,1,0,0
BRDA:26,1,1,0
BRDA:28,2,0,0
BRDA:28,2,1,0
BRF:5
BRH:0
end_of_record
TN:
SF:src/components/ui/select.jsx
FNF:0
FNH:0
DA:1,0
DA:2,0
DA:3,0
DA:5,0
DA:7,0
DA:9,0
DA:11,0
DA:27,0
DA:37,0
DA:47,0
DA:72,0
DA:80,0
DA:98,0
DA:106,0
DA:109,0
DA:110,0
DA:111,0
DA:112,0
DA:113,0
DA:114,0
DA:115,0
DA:116,0
DA:117,0
DA:118,0
LF:24
LH:0
BRDA:50,0,0,0
BRDA:56,1,0,0
BRDA:56,1,1,0
BRDA:64,2,0,0
BRDA:64,2,1,0
BRF:5
BRH:0
end_of_record
TN:
SF:src/components/ui/separator.jsx
FNF:0
FNH:0
DA:1,0
DA:2,0
DA:4,0
DA:21,0
DA:23,0
LF:5
LH:0
BRDA:7,0,0,0
BRDA:7,1,0,0
BRDA:16,2,0,0
BRDA:16,2,1,0
BRF:4
BRH:0
end_of_record
TN:
SF:src/components/ui/sheet.jsx
FNF:0
FNH:0
DA:1,0
DA:2,0
DA:3,0
DA:4,0
DA:6,0
DA:8,0
DA:10,0
DA:12,0
DA:14,0
DA:25,0
DA:27,0
DA:59,0
DA:69,0
DA:79,0
DA:87,0
DA:95,0
DA:98,0
DA:99,0
DA:100,0
DA:101,0
DA:102,0
DA:103,0
DA:104,0
DA:105,0
DA:106,0
DA:107,0
LF:26
LH:0
BRDA:46,0,0,0
BRF:1
BRH:0
end_of_record
TN:
SF:src/components/ui/skeleton.jsx
FN:3,Skeleton
FNF:1
FNH:0
FNDA:0,Skeleton
DA:1,0
DA:14,0
LF:2
LH:0
BRF:0
BRH:0
end_of_record
TN:
SF:src/components/ui/slider.jsx
FNF:0
FNH:0
DA:1,0
DA:2,0
DA:4,0
DA:19,0
DA:21,0
LF:5
LH:0
BRF:0
BRH:0
end_of_record
TN:
SF:src/components/ui/sonner.jsx
FN:4,(anonymous_3)
FNF:1
FNH:0
FNDA:0,(anonymous_3)
DA:1,0
DA:2,0
DA:4,0
DA:7,0
DA:28,0
LF:5
LH:0
BRDA:7,0,0,0
BRF:1
BRH:0
end_of_record
TN:
SF:src/components/ui/switch.jsx
FNF:0
FNH:0
DA:1,0
DA:2,0
DA:4,0
DA:20,0
DA:22,0
LF:5
LH:0
BRF:0
BRH:0
end_of_record
TN:
SF:src/components/ui/table.jsx
FNF:0
FNH:0
DA:1,0
DA:3,0
DA:13,0
DA:18,0
DA:26,0
DA:34,0
DA:45,0
DA:56,0
DA:67,0
DA:75,0
DA:78,0
DA:79,0
DA:80,0
DA:81,0
DA:82,0
DA:83,0
DA:84,0
DA:85,0
LF:18
LH:0
BRF:0
BRH:0
end_of_record
TN:
SF:src/components/ui/tabs.jsx
FNF:0
FNH:0
DA:1,0
DA:2,0
DA:4,0
DA:6,0
DA:17,0
DA:28,0
DA:39,0
DA:41,0
LF:8
LH:0
BRF:0
BRH:0
end_of_record
TN:
SF:src/components/ui/textarea.jsx
FN:5,(anonymous_4)
FNF:1
FNH:0
FNDA:0,(anonymous_4)
DA:1,0
DA:3,0
DA:5,0
DA:16,0
DA:18,0
LF:5
LH:0
BRF:0
BRH:0
end_of_record
TN:
SF:src/components/ui/toast.jsx
FN:37,(anonymous_12)
FNF:1
FNH:0
FNDA:0,(anonymous_12)
DA:1,0
DA:2,0
DA:3,0
DA:4,0
DA:6,0
DA:8,0
DA:19,0
DA:21,0
DA:37,0
DA:45,0
DA:56,0
DA:70,0
DA:78,0
DA:83,0
DA:85,0
LF:15
LH:0
BRF:0
BRH:0
end_of_record
TN:
SF:src/components/ui/toaster.jsx
FN:11,Toaster
FN:16,(anonymous_2)
FNF:2
FNH:0
FNDA:0,Toaster
FNDA:0,(anonymous_2)
DA:1,0
DA:9,0
DA:11,0
DA:12,0
DA:17,0
LF:5
LH:0
BRDA:20,0,0,0
BRDA:21,1,0,0
BRF:2
BRH:0
end_of_record
TN:
SF:src/components/ui/toggle-group.jsx
FN:25,(anonymous_7)
FNF:1
FNH:0
FNDA:0,(anonymous_7)
DA:1,0
DA:2,0
DA:4,0
DA:5,0
DA:7,0
DA:23,0
DA:25,0
DA:26,0
DA:41,0
DA:43,0
LF:10
LH:0
BRDA:32,0,0,0
BRDA:32,0,1,0
BRDA:33,1,0,0
BRDA:33,1,1,0
BRF:4
BRH:0
end_of_record
TN:
SF:src/components/ui/toggle.jsx
FNF:0
FNH:0
DA:3,0
DA:4,0
DA:5,0
DA:7,0
DA:9,0
DA:38,0
DA:40,0
LF:7
LH:0
BRF:0
BRH:0
end_of_record
TN:
SF:src/components/ui/tooltip.jsx
FNF:0
FNH:0
DA:1,0
DA:2,0
DA:4,0
DA:6,0
DA:8,0
DA:10,0
DA:24,0
DA:26,0
LF:8
LH:0
BRDA:12,0,0,0
BRF:1
BRH:0
end_of_record
TN:
SF:src/config/env.ts
FN:6,(anonymous_1)
FNF:1
FNH:0
FNDA:0,(anonymous_1)
DA:6,0
DA:7,0
DA:9,0
DA:10,0
DA:13,0
DA:16,0
DA:37,0
DA:38,0
LF:8
LH:0
BRDA:7,0,0,0
BRDA:7,0,1,0
BRDA:9,1,0,0
BRDA:19,2,0,0
BRDA:19,2,1,0
BRDA:26,3,0,0
BRDA:26,3,1,0
BRDA:37,4,0,0
BRF:8
BRH:0
end_of_record
TN:
SF:src/constants/app.constants.ts
FN:28,(anonymous_5)
FNF:1
FNH:0
FNDA:0,(anonymous_5)
DA:5,0
DA:12,0
DA:17,0
DA:26,0
DA:28,0
LF:5
LH:0
BRF:0
BRH:0
end_of_record
TN:
SF:src/constants/filters.ts
FNF:0
FNH:0
DA:1,0
DA:13,0
LF:2
LH:0
BRF:0
BRH:0
end_of_record
TN:
SF:src/constants/index.ts
FN:10,(anonymous_11)
FNF:1
FNH:0
FNDA:0,(anonymous_11)
DA:2,0
DA:3,0
DA:5,0
DA:6,0
DA:8,0
DA:10,0
DA:16,0
DA:22,0
DA:33,0
DA:38,0
LF:10
LH:0
BRF:0
BRH:0
end_of_record
TN:
SF:src/data/mockData.ts
FN:216,(anonymous_6)
FN:229,(anonymous_7)
FNF:2
FNH:0
FNDA:0,(anonymous_6)
FNDA:0,(anonymous_7)
DA:3,0
DA:11,0
DA:209,0
DA:216,0
DA:217,0
DA:226,0
DA:229,0
DA:230,0
DA:241,0
LF:9
LH:0
BRF:0
BRH:0
end_of_record
TN:
SF:src/hooks/useImageFilters.ts
FN:9,useImageFilters
FN:15,(anonymous_2)
FN:20,(anonymous_3)
FN:25,(anonymous_4)
FN:31,(anonymous_5)
FN:41,(anonymous_6)
FN:48,(anonymous_7)
FN:53,(anonymous_8)
FN:58,(anonymous_9)
FN:63,(anonymous_10)
FNF:10
FNH:0
FNDA:0,useImageFilters
FNDA:0,(anonymous_2)
FNDA:0,(anonymous_3)
FNDA:0,(anonymous_4)
FNDA:0,(anonymous_5)
FNDA:0,(anonymous_6)
FNDA:0,(anonymous_7)
FNDA:0,(anonymous_8)
FNDA:0,(anonymous_9)
FNDA:0,(anonymous_10)
DA:1,0
DA:9,0
DA:10,0
DA:11,0
DA:12,0
DA:13,0
DA:15,0
DA:16,0
DA:19,0
DA:20,0
DA:24,0
DA:25,0
DA:29,0
DA:30,0
DA:31,0
DA:32,0
DA:38,0
DA:41,0
DA:42,0
DA:45,0
DA:46,0
DA:48,0
DA:49,0
DA:50,0
DA:53,0
DA:54,0
DA:55,0
DA:58,0
DA:59,0
DA:60,0
DA:63,0
DA:64,0
DA:67,0
LF:33
LH:0
BRDA:9,0,0,0
BRDA:19,1,0,0
BRDA:24,2,0,0
BRDA:29,3,0,0
BRDA:32,4,0,0
BRDA:32,4,1,0
BRDA:32,4,2,0
BRDA:42,5,0,0
BRDA:42,5,1,0
BRF:9
BRH:0
end_of_record
TN:
SF:src/lib/utils.ts
FN:7,cn
FN:14,formatNumber
FN:21,formatRelativeTime
FN:48,truncateText
FN:56,debounce
FN:62,executedFunction
FN:63,(anonymous_12)
FNF:7
FNH:0
FNDA:0,cn
FNDA:0,formatNumber
FNDA:0,formatRelativeTime
FNDA:0,truncateText
FNDA:0,debounce
FNDA:0,executedFunction
FNDA:0,(anonymous_12)
DA:1,0
DA:2,0
DA:7,0
DA:8,0
DA:14,0
DA:15,0
DA:21,0
DA:22,0
DA:23,0
DA:24,0
DA:26,0
DA:35,0
DA:36,0
DA:37,0
DA:38,0
DA:42,0
DA:48,0
DA:49,0
DA:50,0
DA:56,0
DA:62,0
DA:63,0
DA:64,0
DA:65,0
DA:68,0
DA:69,0
LF:26
LH:0
BRDA:37,0,0,0
BRDA:38,1,0,0
BRDA:38,1,1,0
BRDA:49,2,0,0
BRF:4
BRH:0
end_of_record
TN:
SF:src/providers/index.tsx
FN:14,Providers
FNF:1
FNH:0
FNDA:0,Providers
DA:3,0
DA:4,0
DA:14,0
LF:3
LH:0
BRF:0
BRH:0
end_of_record
TN:
SF:src/services/api.client.ts
FN:11,(anonymous_2)
FN:23,(anonymous_3)
FN:26,(anonymous_4)
FN:32,(anonymous_5)
FN:39,(anonymous_6)
FN:45,(anonymous_7)
FN:51,(anonymous_8)
FN:65,(anonymous_9)
FN:70,(anonymous_10)
FN:75,(anonymous_11)
FN:80,(anonymous_12)
FNF:11
FNH:0
FNDA:0,(anonymous_2)
FNDA:0,(anonymous_3)
FNDA:0,(anonymous_4)
FNDA:0,(anonymous_5)
FNDA:0,(anonymous_6)
FNDA:0,(anonymous_7)
FNDA:0,(anonymous_8)
FNDA:0,(anonymous_9)
FNDA:0,(anonymous_10)
FNDA:0,(anonymous_11)
FNDA:0,(anonymous_12)
DA:1,0
DA:2,0
DA:12,0
DA:20,0
DA:25,0
DA:27,0
DA:28,0
DA:30,0
DA:33,0
DA:38,0
DA:40,0
DA:41,0
DA:43,0
DA:46,0
DA:52,0
DA:54,0
DA:55,0
DA:57,0
DA:60,0
DA:62,0
DA:66,0
DA:67,0
DA:71,0
DA:72,0
DA:76,0
DA:77,0
DA:81,0
DA:82,0
DA:87,0
LF:29
LH:0
BRDA:27,0,0,0
BRDA:40,1,0,0
BRDA:52,2,0,0
BRDA:52,2,1,0
BRDA:55,3,0,0
BRDA:55,3,1,0
BRF:6
BRH:0
end_of_record
TN:
SF:src/services/image.service.ts
FN:27,(anonymous_1)
FN:52,(anonymous_2)
FN:56,(anonymous_3)
FN:60,(anonymous_4)
FNF:4
FNH:0
FNDA:0,(anonymous_1)
FNDA:0,(anonymous_2)
FNDA:0,(anonymous_3)
FNDA:0,(anonymous_4)
DA:1,0
DA:25,0
DA:33,0
DA:35,0
DA:36,0
DA:38,0
DA:39,0
DA:41,0
DA:42,0
DA:44,0
DA:45,0
DA:48,0
DA:49,0
DA:53,0
DA:57,0
DA:61,0
DA:65,0
LF:17
LH:0
BRDA:35,0,0,0
BRDA:35,1,0,0
BRDA:35,1,1,0
BRDA:38,2,0,0
BRDA:41,3,0,0
BRDA:44,4,0,0
BRF:6
BRH:0
end_of_record
TN:
SF:src/utils/image.utils.ts
FN:8,(anonymous_5)
FN:16,(anonymous_6)
FN:32,(anonymous_7)
FN:39,(anonymous_8)
FNF:4
FNH:0
FNDA:0,(anonymous_5)
FNDA:0,(anonymous_6)
FNDA:0,(anonymous_7)
FNDA:0,(anonymous_8)
DA:8,0
DA:9,0
DA:10,0
DA:16,0
DA:17,0
DA:18,0
DA:19,0
DA:21,0
DA:22,0
DA:23,0
DA:26,0
DA:32,0
DA:33,0
DA:39,0
DA:41,0
LF:15
LH:0
BRDA:21,0,0,0
BRDA:21,0,1,0
BRDA:32,1,0,0
BRF:3
BRH:0
end_of_record
TN:
SF:src/utils/index.ts
FNF:0
FNH:0
DA:5,0
DA:6,0
LF:2
LH:0
BRF:0
BRH:0
end_of_record
